TN:
SF:src\app.controller.ts
FN:6,(anonymous_2)
FNF:1
FNH:0
FNDA:0,(anonymous_2)
DA:1,0
DA:4,0
DA:5,0
DA:7,0
LF:4
LH:0
BRF:0
BRH:0
end_of_record
TN:
SF:src\app.module.ts
FNF:0
FNH:0
DA:1,0
DA:2,0
DA:3,0
DA:4,0
DA:5,0
DA:6,0
DA:7,0
DA:8,0
DA:9,0
DA:10,0
DA:11,0
DA:12,0
DA:13,0
DA:14,0
DA:15,0
DA:16,0
DA:17,0
DA:18,0
DA:19,0
DA:20,0
DA:21,0
DA:22,0
DA:23,0
DA:24,0
DA:25,0
DA:26,0
DA:27,0
DA:28,0
DA:29,0
DA:30,0
DA:31,0
DA:32,0
DA:33,0
DA:34,0
DA:35,0
DA:36,0
DA:37,0
DA:38,0
DA:39,0
DA:40,0
DA:41,0
DA:42,0
DA:43,0
DA:44,0
DA:45,0
DA:46,0
DA:47,0
DA:48,0
DA:49,0
DA:50,0
DA:51,0
DA:52,0
DA:53,0
DA:54,0
DA:55,0
DA:56,0
DA:57,0
DA:58,0
DA:59,0
DA:60,0
DA:61,0
DA:62,0
DA:63,0
DA:64,0
DA:65,0
DA:139,0
LF:66
LH:0
BRF:0
BRH:0
end_of_record
TN:
SF:src\main.ts
FN:10,bootstrap
FN:46,(anonymous_1)
FNF:2
FNH:0
FNDA:0,bootstrap
FNDA:0,(anonymous_1)
DA:1,0
DA:2,0
DA:3,0
DA:4,0
DA:6,0
DA:7,0
DA:9,0
DA:11,0
DA:13,0
DA:18,0
DA:32,0
DA:33,0
DA:34,0
DA:35,0
DA:36,0
DA:39,0
DA:40,0
DA:42,0
DA:43,0
DA:46,0
DA:47,0
DA:48,0
LF:22
LH:0
BRDA:39,0,0,0
BRDA:39,0,1,0
BRDA:40,1,0,0
BRDA:40,1,1,0
BRF:4
BRH:0
end_of_record
TN:
SF:src\admin\admin.class.ts
FN:6,(anonymous_2)
FN:7,(anonymous_3)
FNF:2
FNH:0
FNDA:0,(anonymous_2)
FNDA:0,(anonymous_3)
DA:1,0
DA:2,0
DA:5,0
DA:6,0
DA:8,0
DA:10,0
LF:6
LH:0
BRF:0
BRH:0
end_of_record
TN:
SF:src\admin\admin.controller.ts
FN:6,(anonymous_4)
FN:9,(anonymous_5)
FNF:2
FNH:0
FNDA:0,(anonymous_4)
FNDA:0,(anonymous_5)
DA:1,0
DA:2,0
DA:5,0
DA:6,0
DA:9,0
DA:10,0
DA:11,0
DA:12,0
DA:16,0
DA:18,0
DA:19,0
LF:11
LH:0
BRDA:11,0,0,0
BRDA:11,0,1,0
BRDA:11,1,0,0
BRDA:11,1,1,0
BRF:4
BRH:0
end_of_record
TN:
SF:src\admin\admin.module.ts
FNF:0
FNH:0
DA:1,0
DA:2,0
DA:3,0
DA:10,0
LF:4
LH:0
BRF:0
BRH:0
end_of_record
TN:
SF:src\anuncios\anuncios.class.ts
FN:8,(anonymous_2)
FN:10,(anonymous_3)
FN:17,(anonymous_4)
FN:26,(anonymous_5)
FN:47,(anonymous_6)
FN:55,(anonymous_7)
FNF:6
FNH:0
FNDA:0,(anonymous_2)
FNDA:0,(anonymous_3)
FNDA:0,(anonymous_4)
FNDA:0,(anonymous_5)
FNDA:0,(anonymous_6)
FNDA:0,(anonymous_7)
DA:1,0
DA:3,0
DA:4,0
DA:7,0
DA:8,0
DA:11,0
DA:13,0
DA:14,0
DA:18,0
DA:19,0
DA:23,0
DA:27,0
DA:31,0
DA:32,0
DA:34,0
DA:35,0
DA:36,0
DA:38,0
DA:40,0
DA:41,0
DA:44,0
DA:48,0
DA:56,0
LF:23
LH:0
BRDA:13,0,0,0
BRDA:18,1,0,0
BRDA:18,2,0,0
BRDA:18,2,1,0
BRDA:27,3,0,0
BRDA:27,3,1,0
BRDA:28,4,0,0
BRDA:28,4,1,0
BRDA:31,5,0,0
BRDA:31,5,1,0
BRDA:35,6,0,0
BRDA:40,7,0,0
BRF:12
BRH:0
end_of_record
TN:
SF:src\anuncios\anuncios.controller.ts
FN:15,(anonymous_4)
FN:24,(anonymous_5)
FN:54,(anonymous_6)
FN:66,(anonymous_7)
FN:92,(anonymous_8)
FN:124,(anonymous_9)
FNF:6
FNH:0
FNDA:0,(anonymous_4)
FNDA:0,(anonymous_5)
FNDA:0,(anonymous_6)
FNDA:0,(anonymous_7)
FNDA:0,(anonymous_8)
FNDA:0,(anonymous_9)
DA:1,0
DA:2,0
DA:3,0
DA:4,0
DA:5,0
DA:6,0
DA:7,0
DA:8,0
DA:9,0
DA:10,0
DA:14,0
DA:16,0
DA:17,0
DA:18,0
DA:19,0
DA:24,0
DA:25,0
DA:26,0
DA:31,0
DA:35,0
DA:42,0
DA:47,0
DA:48,0
DA:54,0
DA:55,0
DA:56,0
DA:58,0
DA:59,0
DA:64,0
DA:65,0
DA:66,0
DA:68,0
DA:70,0
DA:78,0
DA:83,0
DA:85,0
DA:86,0
DA:92,0
DA:96,0
DA:99,0
DA:101,0
DA:104,0
DA:106,0
DA:111,0
DA:115,0
DA:117,0
DA:118,0
DA:124,0
DA:128,0
DA:133,0
DA:134,0
DA:135,0
DA:137,0
DA:139,0
DA:142,0
DA:144,0
DA:149,0
DA:153,0
DA:155,0
DA:156,0
LF:60
LH:0
BRDA:31,0,0,0
BRDA:32,1,0,0
BRDA:32,1,1,0
BRDA:32,1,2,0
BRDA:58,2,0,0
BRDA:68,3,0,0
BRDA:99,4,0,0
BRDA:104,5,0,0
BRDA:104,5,1,0
BRDA:104,6,0,0
BRDA:104,6,1,0
BRDA:104,7,0,0
BRDA:104,7,1,0
BRDA:134,8,0,0
BRDA:137,9,0,0
BRDA:142,10,0,0
BRDA:142,10,1,0
BRDA:142,11,0,0
BRDA:142,11,1,0
BRDA:142,12,0,0
BRDA:142,12,1,0
BRF:21
BRH:0
end_of_record
TN:
SF:src\anuncios\anuncios.dto.ts
FN:43,(anonymous_2)
FNF:1
FNH:0
FNDA:0,(anonymous_2)
DA:1,0
DA:2,0
DA:3,0
DA:4,0
DA:7,0
DA:10,0
DA:13,0
DA:16,0
DA:20,0
DA:23,0
DA:26,0
DA:30,0
DA:33,0
DA:37,0
DA:44,0
DA:48,0
DA:49,0
DA:52,0
DA:55,0
DA:58,0
DA:61,0
DA:64,0
LF:22
LH:0
BRF:0
BRH:0
end_of_record
TN:
SF:src\anuncios\anuncios.module.ts
FN:9,(anonymous_1)
FNF:1
FNH:0
FNDA:0,(anonymous_1)
DA:1,0
DA:2,0
DA:3,0
DA:4,0
DA:5,0
DA:6,0
DA:9,0
DA:14,0
LF:8
LH:0
BRF:0
BRH:0
end_of_record
TN:
SF:src\anuncios\anuncios.mongodb.ts
FN:9,(anonymous_2)
FN:11,(anonymous_3)
FN:17,(anonymous_4)
FN:25,(anonymous_5)
FN:37,(anonymous_6)
FN:47,(anonymous_7)
FN:76,(anonymous_8)
FN:96,(anonymous_9)
FNF:8
FNH:0
FNDA:0,(anonymous_2)
FNDA:0,(anonymous_3)
FNDA:0,(anonymous_4)
FNDA:0,(anonymous_5)
FNDA:0,(anonymous_6)
FNDA:0,(anonymous_7)
FNDA:0,(anonymous_8)
FNDA:0,(anonymous_9)
DA:1,0
DA:2,0
DA:3,0
DA:4,0
DA:8,0
DA:9,0
DA:11,0
DA:12,0
DA:18,0
DA:19,0
DA:22,0
DA:26,0
DA:27,0
DA:29,0
DA:30,0
DA:34,0
DA:38,0
DA:39,0
DA:41,0
DA:43,0
DA:44,0
DA:48,0
DA:49,0
DA:51,0
DA:73,0
DA:77,0
DA:78,0
DA:80,0
DA:84,0
DA:97,0
DA:98,0
DA:100,0
DA:101,0
DA:102,0
DA:103,0
DA:105,0
DA:107,0
DA:108,0
LF:38
LH:0
BRDA:29,0,0,0
BRDA:43,1,0,0
BRDA:58,2,0,0
BRDA:58,2,1,0
BRDA:60,3,0,0
BRDA:60,3,1,0
BRDA:62,4,0,0
BRDA:62,4,1,0
BRDA:84,5,0,0
BRDA:84,5,1,0
BRDA:102,6,0,0
BRF:11
BRH:0
end_of_record
TN:
SF:src\archivo-digital\archivo-digital.class.ts
FN:7,(anonymous_2)
FN:9,(anonymous_3)
FN:16,(anonymous_4)
FN:21,(anonymous_5)
FN:26,(anonymous_6)
FN:30,(anonymous_7)
FN:34,(anonymous_8)
FN:38,(anonymous_9)
FNF:8
FNH:0
FNDA:0,(anonymous_2)
FNDA:0,(anonymous_3)
FNDA:0,(anonymous_4)
FNDA:0,(anonymous_5)
FNDA:0,(anonymous_6)
FNDA:0,(anonymous_7)
FNDA:0,(anonymous_8)
FNDA:0,(anonymous_9)
DA:1,0
DA:3,0
DA:6,0
DA:7,0
DA:10,0
DA:11,0
DA:13,0
DA:17,0
DA:22,0
DA:27,0
DA:31,0
DA:35,0
DA:39,0
LF:13
LH:0
BRDA:11,0,0,0
BRF:1
BRH:0
end_of_record
TN:
SF:src\archivo-digital\archivo-digital.controller.ts
FN:8,(anonymous_4)
FN:12,(anonymous_5)
FN:26,(anonymous_6)
FN:40,(anonymous_7)
FN:59,(anonymous_8)
FN:77,(anonymous_9)
FN:92,(anonymous_10)
FN:106,(anonymous_11)
FNF:8
FNH:0
FNDA:0,(anonymous_4)
FNDA:0,(anonymous_5)
FNDA:0,(anonymous_6)
FNDA:0,(anonymous_7)
FNDA:0,(anonymous_8)
FNDA:0,(anonymous_9)
FNDA:0,(anonymous_10)
FNDA:0,(anonymous_11)
DA:1,0
DA:2,0
DA:4,0
DA:7,0
DA:8,0
DA:12,0
DA:13,0
DA:14,0
DA:19,0
DA:20,0
DA:26,0
DA:27,0
DA:28,0
DA:29,0
DA:30,0
DA:32,0
DA:40,0
DA:41,0
DA:42,0
DA:43,0
DA:44,0
DA:49,0
DA:51,0
DA:52,0
DA:59,0
DA:62,0
DA:64,0
DA:68,0
DA:69,0
DA:71,0
DA:77,0
DA:78,0
DA:79,0
DA:83,0
DA:84,0
DA:86,0
DA:92,0
DA:93,0
DA:95,0
DA:97,0
DA:98,0
DA:100,0
DA:106,0
DA:109,0
DA:111,0
DA:116,0
DA:117,0
DA:119,0
LF:48
LH:0
BRDA:29,0,0,0
BRDA:29,0,1,0
BRDA:43,1,0,0
BRDA:68,2,0,0
BRDA:68,2,1,0
BRDA:83,3,0,0
BRDA:83,3,1,0
BRDA:97,4,0,0
BRDA:97,4,1,0
BRDA:116,5,0,0
BRDA:116,5,1,0
BRF:11
BRH:0
end_of_record
TN:
SF:src\archivo-digital\archivo-digital.module.ts
FNF:0
FNH:0
DA:1,0
DA:2,0
DA:3,0
DA:4,0
DA:11,0
LF:5
LH:0
BRF:0
BRH:0
end_of_record
TN:
SF:src\archivo-digital\archivo-digital.mongodb.ts
FN:8,(anonymous_2)
FN:10,(anonymous_3)
FN:22,(anonymous_4)
FN:32,(anonymous_5)
FN:45,(anonymous_6)
FN:56,(anonymous_7)
FN:67,(anonymous_8)
FN:79,(anonymous_9)
FNF:8
FNH:0
FNDA:0,(anonymous_2)
FNDA:0,(anonymous_3)
FNDA:0,(anonymous_4)
FNDA:0,(anonymous_5)
FNDA:0,(anonymous_6)
FNDA:0,(anonymous_7)
FNDA:0,(anonymous_8)
FNDA:0,(anonymous_9)
DA:1,0
DA:2,0
DA:4,0
DA:7,0
DA:8,0
DA:11,0
DA:13,0
DA:15,0
DA:17,0
DA:19,0
DA:23,0
DA:25,0
DA:26,0
DA:28,0
DA:33,0
DA:35,0
DA:37,0
DA:41,0
DA:46,0
DA:48,0
DA:49,0
DA:53,0
DA:57,0
DA:59,0
DA:60,0
DA:64,0
DA:68,0
DA:70,0
DA:71,0
DA:75,0
DA:80,0
DA:82,0
DA:83,0
DA:87,0
LF:34
LH:0
BRDA:17,0,0,0
BRDA:41,1,0,0
BRDA:41,1,1,0
BRF:3
BRH:0
end_of_record
TN:
SF:src\auditorias\auditorias.class.ts
FN:10,(anonymous_2)
FN:12,(anonymous_3)
FN:19,(anonymous_4)
FN:23,(anonymous_5)
FN:27,(anonymous_6)
FN:31,(anonymous_7)
FN:36,(anonymous_8)
FN:45,(anonymous_9)
FN:50,(anonymous_10)
FN:54,(anonymous_11)
FN:59,(anonymous_12)
FN:64,(anonymous_13)
FN:69,(anonymous_14)
FN:73,(anonymous_15)
FNF:14
FNH:0
FNDA:0,(anonymous_2)
FNDA:0,(anonymous_3)
FNDA:0,(anonymous_4)
FNDA:0,(anonymous_5)
FNDA:0,(anonymous_6)
FNDA:0,(anonymous_7)
FNDA:0,(anonymous_8)
FNDA:0,(anonymous_9)
FNDA:0,(anonymous_10)
FNDA:0,(anonymous_11)
FNDA:0,(anonymous_12)
FNDA:0,(anonymous_13)
FNDA:0,(anonymous_14)
FNDA:0,(anonymous_15)
DA:1,0
DA:6,0
DA:9,0
DA:10,0
DA:13,0
DA:14,0
DA:16,0
DA:20,0
DA:24,0
DA:28,0
DA:32,0
DA:38,0
DA:39,0
DA:41,0
DA:46,0
DA:51,0
DA:55,0
DA:60,0
DA:65,0
DA:70,0
DA:74,0
LF:21
LH:0
BRDA:14,0,0,0
BRDA:39,1,0,0
BRF:2
BRH:0
end_of_record
TN:
SF:src\auditorias\auditorias.controller.ts
FN:18,(anonymous_4)
FN:27,(anonymous_5)
FN:59,(anonymous_6)
FN:71,(anonymous_7)
FN:88,(anonymous_8)
FN:107,(anonymous_9)
FN:126,(anonymous_10)
FN:141,(anonymous_11)
FN:166,(anonymous_12)
FN:180,(anonymous_13)
FN:199,(anonymous_14)
FN:213,(anonymous_15)
FN:258,(anonymous_16)
FN:278,(anonymous_17)
FNF:14
FNH:0
FNDA:0,(anonymous_4)
FNDA:0,(anonymous_5)
FNDA:0,(anonymous_6)
FNDA:0,(anonymous_7)
FNDA:0,(anonymous_8)
FNDA:0,(anonymous_9)
FNDA:0,(anonymous_10)
FNDA:0,(anonymous_11)
FNDA:0,(anonymous_12)
FNDA:0,(anonymous_13)
FNDA:0,(anonymous_14)
FNDA:0,(anonymous_15)
FNDA:0,(anonymous_16)
FNDA:0,(anonymous_17)
DA:1,0
DA:2,0
DA:7,0
DA:8,0
DA:9,0
DA:10,0
DA:12,0
DA:13,0
DA:14,0
DA:17,0
DA:19,0
DA:20,0
DA:21,0
DA:22,0
DA:27,0
DA:31,0
DA:32,0
DA:33,0
DA:36,0
DA:40,0
DA:41,0
DA:47,0
DA:52,0
DA:53,0
DA:59,0
DA:60,0
DA:61,0
DA:62,0
DA:63,0
DA:65,0
DA:71,0
DA:74,0
DA:75,0
DA:78,0
DA:79,0
DA:80,0
DA:82,0
DA:88,0
DA:89,0
DA:91,0
DA:92,0
DA:93,0
DA:98,0
DA:100,0
DA:101,0
DA:107,0
DA:108,0
DA:110,0
DA:111,0
DA:112,0
DA:117,0
DA:119,0
DA:120,0
DA:126,0
DA:127,0
DA:128,0
DA:133,0
DA:134,0
DA:141,0
DA:144,0
DA:145,0
DA:146,0
DA:147,0
DA:151,0
DA:152,0
DA:156,0
DA:158,0
DA:159,0
DA:166,0
DA:167,0
DA:168,0
DA:169,0
DA:170,0
DA:172,0
DA:180,0
DA:183,0
DA:184,0
DA:186,0
DA:190,0
DA:191,0
DA:193,0
DA:199,0
DA:200,0
DA:201,0
DA:204,0
DA:205,0
DA:207,0
DA:213,0
DA:217,0
DA:218,0
DA:221,0
DA:222,0
DA:225,0
DA:229,0
DA:231,0
DA:234,0
DA:236,0
DA:242,0
DA:248,0
DA:250,0
DA:251,0
DA:258,0
DA:259,0
DA:260,0
DA:261,0
DA:264,0
DA:265,0
DA:268,0
DA:270,0
DA:271,0
DA:278,0
DA:279,0
DA:280,0
DA:281,0
DA:284,0
DA:286,0
DA:287,0
LF:117
LH:0
BRDA:32,0,0,0
BRDA:40,1,0,0
BRDA:62,2,0,0
BRDA:62,2,1,0
BRDA:75,3,0,0
BRDA:75,3,1,0
BRDA:79,4,0,0
BRDA:79,4,1,0
BRDA:92,5,0,0
BRDA:111,6,0,0
BRDA:146,7,0,0
BRDA:151,8,0,0
BRDA:151,8,1,0
BRDA:169,9,0,0
BRDA:169,9,1,0
BRDA:190,10,0,0
BRDA:190,10,1,0
BRDA:204,11,0,0
BRDA:204,11,1,0
BRDA:221,12,0,0
BRDA:229,13,0,0
BRDA:234,14,0,0
BRDA:234,14,1,0
BRDA:234,15,0,0
BRDA:234,15,1,0
BRDA:234,16,0,0
BRDA:234,16,1,0
BRDA:260,17,0,0
BRDA:264,18,0,0
BRDA:280,19,0,0
BRF:30
BRH:0
end_of_record
TN:
SF:src\auditorias\auditorias.module.ts
FN:9,(anonymous_1)
FNF:1
FNH:0
FNDA:0,(anonymous_1)
DA:1,0
DA:2,0
DA:3,0
DA:4,0
DA:5,0
DA:6,0
DA:9,0
DA:14,0
LF:8
LH:0
BRF:0
BRH:0
end_of_record
TN:
SF:src\auditorias\auditorias.mongodb.ts
FN:11,(anonymous_2)
FN:13,(anonymous_3)
FN:25,(anonymous_4)
FN:34,(anonymous_5)
FN:45,(anonymous_6)
FN:66,(anonymous_7)
FN:87,(anonymous_8)
FN:101,(anonymous_9)
FN:115,(anonymous_10)
FN:126,(anonymous_11)
FN:139,(anonymous_12)
FN:150,(anonymous_13)
FN:178,(anonymous_14)
FN:198,(anonymous_15)
FNF:14
FNH:0
FNDA:0,(anonymous_2)
FNDA:0,(anonymous_3)
FNDA:0,(anonymous_4)
FNDA:0,(anonymous_5)
FNDA:0,(anonymous_6)
FNDA:0,(anonymous_7)
FNDA:0,(anonymous_8)
FNDA:0,(anonymous_9)
FNDA:0,(anonymous_10)
FNDA:0,(anonymous_11)
FNDA:0,(anonymous_12)
FNDA:0,(anonymous_13)
FNDA:0,(anonymous_14)
FNDA:0,(anonymous_15)
DA:1,0
DA:2,0
DA:7,0
DA:10,0
DA:11,0
DA:14,0
DA:16,0
DA:18,0
DA:20,0
DA:22,0
DA:26,0
DA:28,0
DA:29,0
DA:31,0
DA:35,0
DA:37,0
DA:38,0
DA:42,0
DA:46,0
DA:48,0
DA:49,0
DA:60,0
DA:61,0
DA:62,0
DA:67,0
DA:69,0
DA:70,0
DA:81,0
DA:82,0
DA:83,0
DA:88,0
DA:89,0
DA:93,0
DA:95,0
DA:97,0
DA:102,0
DA:103,0
DA:107,0
DA:111,0
DA:116,0
DA:118,0
DA:119,0
DA:123,0
DA:127,0
DA:128,0
DA:131,0
DA:135,0
DA:140,0
DA:142,0
DA:143,0
DA:146,0
DA:151,0
DA:153,0
DA:155,0
DA:174,0
DA:179,0
DA:180,0
DA:184,0
DA:195,0
DA:199,0
DA:201,0
DA:202,0
DA:205,0
LF:63
LH:0
BRDA:20,0,0,0
BRDA:60,1,0,0
BRDA:60,2,0,0
BRDA:60,2,1,0
BRDA:81,3,0,0
BRDA:81,4,0,0
BRDA:81,4,1,0
BRDA:95,5,0,0
BRDA:146,6,0,0
BRDA:146,6,1,0
BRF:10
BRH:0
end_of_record
TN:
SF:src\ausencias\ausencias.class.ts
FN:11,(anonymous_2)
FN:17,(anonymous_3)
FN:65,(anonymous_4)
FN:89,(anonymous_5)
FN:131,(anonymous_6)
FN:175,(anonymous_7)
FN:179,(anonymous_8)
FN:183,(anonymous_9)
FNF:8
FNH:0
FNDA:0,(anonymous_2)
FNDA:0,(anonymous_3)
FNDA:0,(anonymous_4)
FNDA:0,(anonymous_5)
FNDA:0,(anonymous_6)
FNDA:0,(anonymous_7)
FNDA:0,(anonymous_8)
FNDA:0,(anonymous_9)
DA:1,0
DA:2,0
DA:3,0
DA:4,0
DA:10,0
DA:12,0
DA:13,0
DA:31,0
DA:46,0
DA:47,0
DA:61,0
DA:67,0
DA:70,0
DA:71,0
DA:75,0
DA:78,0
DA:85,0
DA:90,0
DA:93,0
DA:94,0
DA:97,0
DA:100,0
DA:115,0
DA:118,0
DA:121,0
DA:128,0
DA:132,0
DA:136,0
DA:137,0
DA:140,0
DA:144,0
DA:159,0
DA:162,0
DA:165,0
DA:172,0
DA:176,0
DA:180,0
DA:184,0
LF:38
LH:0
BRDA:46,0,0,0
BRDA:70,1,0,0
BRDA:93,2,0,0
BRDA:97,3,0,0
BRDA:97,3,1,0
BRDA:100,4,0,0
BRDA:102,5,0,0
BRDA:102,5,1,0
BRDA:102,5,2,0
BRDA:102,5,3,0
BRDA:102,5,4,0
BRDA:102,5,5,0
BRDA:102,5,6,0
BRDA:102,5,7,0
BRDA:102,5,8,0
BRDA:102,5,9,0
BRDA:102,5,10,0
BRDA:102,5,11,0
BRDA:136,6,0,0
BRDA:140,7,0,0
BRDA:140,7,1,0
BRDA:144,8,0,0
BRDA:146,9,0,0
BRDA:146,9,1,0
BRDA:146,9,2,0
BRDA:146,9,3,0
BRDA:146,9,4,0
BRDA:146,9,5,0
BRDA:146,9,6,0
BRDA:146,9,7,0
BRDA:146,9,8,0
BRDA:146,9,9,0
BRDA:146,9,10,0
BRDA:146,9,11,0
BRF:34
BRH:0
end_of_record
TN:
SF:src\ausencias\ausencias.controller.ts
FN:16,(anonymous_4)
FN:24,(anonymous_5)
FN:70,(anonymous_6)
FN:114,(anonymous_7)
FN:154,(anonymous_8)
FN:201,(anonymous_9)
FNF:6
FNH:0
FNDA:0,(anonymous_4)
FNDA:0,(anonymous_5)
FNDA:0,(anonymous_6)
FNDA:0,(anonymous_7)
FNDA:0,(anonymous_8)
FNDA:0,(anonymous_9)
DA:1,0
DA:2,0
DA:3,0
DA:4,0
DA:5,0
DA:6,0
DA:7,0
DA:9,0
DA:10,0
DA:11,0
DA:12,0
DA:15,0
DA:17,0
DA:18,0
DA:19,0
DA:24,0
DA:28,0
DA:29,0
DA:30,0
DA:33,0
DA:37,0
DA:52,0
DA:58,0
DA:63,0
DA:64,0
DA:70,0
DA:71,0
DA:73,0
DA:76,0
DA:77,0
DA:81,0
DA:85,0
DA:87,0
DA:90,0
DA:93,0
DA:99,0
DA:105,0
DA:107,0
DA:108,0
DA:114,0
DA:115,0
DA:117,0
DA:120,0
DA:122,0
DA:126,0
DA:130,0
DA:133,0
DA:135,0
DA:140,0
DA:145,0
DA:147,0
DA:148,0
DA:154,0
DA:155,0
DA:157,0
DA:160,0
DA:162,0
DA:166,0
DA:167,0
DA:171,0
DA:172,0
DA:177,0
DA:180,0
DA:182,0
DA:187,0
DA:193,0
DA:195,0
DA:196,0
DA:201,0
DA:202,0
DA:203,0
DA:204,0
DA:205,0
DA:207,0
LF:74
LH:0
BRDA:30,0,0,0
BRDA:30,0,1,0
BRDA:33,1,0,0
BRDA:33,1,1,0
BRDA:76,2,0,0
BRDA:85,3,0,0
BRDA:90,4,0,0
BRDA:90,4,1,0
BRDA:90,5,0,0
BRDA:90,5,1,0
BRDA:90,6,0,0
BRDA:90,6,1,0
BRDA:120,7,0,0
BRDA:120,7,1,0
BRDA:120,8,0,0
BRDA:120,8,1,0
BRDA:120,9,0,0
BRDA:120,9,1,0
BRDA:133,10,0,0
BRDA:160,11,0,0
BRDA:160,11,1,0
BRDA:160,12,0,0
BRDA:160,12,1,0
BRDA:160,13,0,0
BRDA:160,13,1,0
BRDA:166,14,0,0
BRDA:171,15,0,0
BRDA:180,16,0,0
BRDA:204,17,0,0
BRDA:204,17,1,0
BRF:30
BRH:0
end_of_record
TN:
SF:src\ausencias\ausencias.dto.ts
FN:10,(anonymous_2)
FNF:1
FNH:0
FNDA:0,(anonymous_2)
DA:1,0
DA:10,0
DA:11,0
DA:12,0
DA:13,0
DA:14,0
DA:15,0
DA:16,0
DA:17,0
DA:18,0
DA:21,0
DA:22,0
DA:26,0
DA:30,0
DA:34,0
DA:38,0
DA:42,0
DA:46,0
DA:50,0
DA:54,0
DA:57,0
DA:60,0
DA:64,0
LF:23
LH:0
BRDA:10,0,0,0
BRDA:10,0,1,0
BRF:2
BRH:0
end_of_record
TN:
SF:src\ausencias\ausencias.module.ts
FN:9,(anonymous_1)
FNF:1
FNH:0
FNDA:0,(anonymous_1)
DA:1,0
DA:2,0
DA:3,0
DA:4,0
DA:5,0
DA:6,0
DA:9,0
DA:14,0
LF:8
LH:0
BRF:0
BRH:0
end_of_record
TN:
SF:src\ausencias\ausencias.mongodb.ts
FN:9,(anonymous_2)
FN:11,(anonymous_3)
FN:22,(anonymous_4)
FN:33,(anonymous_5)
FN:55,(anonymous_6)
FN:90,(anonymous_7)
FN:126,(anonymous_8)
FN:135,(anonymous_9)
FN:159,(anonymous_10)
FN:166,(anonymous_11)
FN:177,(anonymous_12)
FNF:11
FNH:0
FNDA:0,(anonymous_2)
FNDA:0,(anonymous_3)
FNDA:0,(anonymous_4)
FNDA:0,(anonymous_5)
FNDA:0,(anonymous_6)
FNDA:0,(anonymous_7)
FNDA:0,(anonymous_8)
FNDA:0,(anonymous_9)
FNDA:0,(anonymous_10)
FNDA:0,(anonymous_11)
FNDA:0,(anonymous_12)
DA:1,0
DA:2,0
DA:4,0
DA:8,0
DA:9,0
DA:12,0
DA:13,0
DA:15,0
DA:17,0
DA:19,0
DA:23,0
DA:24,0
DA:26,0
DA:30,0
DA:39,0
DA:40,0
DA:43,0
DA:52,0
DA:56,0
DA:57,0
DA:60,0
DA:65,0
DA:66,0
DA:67,0
DA:71,0
DA:86,0
DA:87,0
DA:91,0
DA:92,0
DA:95,0
DA:100,0
DA:101,0
DA:102,0
DA:106,0
DA:122,0
DA:123,0
DA:127,0
DA:128,0
DA:130,0
DA:132,0
DA:136,0
DA:137,0
DA:140,0
DA:141,0
DA:143,0
DA:154,0
DA:156,0
DA:160,0
DA:161,0
DA:163,0
DA:167,0
DA:168,0
DA:170,0
DA:174,0
DA:178,0
DA:179,0
DA:181,0
DA:190,0
LF:58
LH:0
BRDA:17,0,0,0
BRDA:30,1,0,0
BRDA:30,1,1,0
BRDA:66,2,0,0
BRDA:66,3,0,0
BRDA:66,3,1,0
BRDA:66,3,2,0
BRDA:86,4,0,0
BRDA:86,5,0,0
BRDA:86,5,1,0
BRDA:101,6,0,0
BRDA:101,7,0,0
BRDA:101,7,1,0
BRDA:101,7,2,0
BRDA:112,8,0,0
BRDA:112,8,1,0
BRDA:122,9,0,0
BRDA:122,10,0,0
BRDA:122,10,1,0
BRF:19
BRH:0
end_of_record
TN:
SF:src\axios\axios-bc.service.ts
FN:6,(anonymous_1)
FN:16,(anonymous_2)
FN:47,(anonymous_3)
FNF:3
FNH:0
FNDA:0,(anonymous_1)
FNDA:0,(anonymous_2)
FNDA:0,(anonymous_3)
DA:1,0
DA:2,0
DA:5,0
DA:7,0
DA:15,0
DA:17,0
DA:19,0
DA:20,0
DA:21,0
DA:22,0
DA:23,0
DA:27,0
DA:32,0
DA:37,0
DA:38,0
DA:41,0
DA:45,0
DA:48,0
DA:52,0
LF:19
LH:0
BRDA:37,0,0,0
BRF:1
BRH:0
end_of_record
TN:
SF:src\axios\axios.module.ts
FNF:0
FNH:0
DA:1,0
DA:2,0
DA:9,0
LF:3
LH:0
BRF:0
BRH:0
end_of_record
TN:
SF:src\biometria\biometria.controller.ts
FN:7,(anonymous_4)
FN:11,(anonymous_5)
FN:21,(anonymous_6)
FNF:3
FNH:0
FNDA:0,(anonymous_4)
FNDA:0,(anonymous_5)
FNDA:0,(anonymous_6)
DA:1,0
DA:2,0
DA:3,0
DA:6,0
DA:7,0
DA:11,0
DA:12,0
DA:13,0
DA:16,0
DA:21,0
DA:22,0
DA:23,0
DA:27,0
LF:13
LH:0
BRF:0
BRH:0
end_of_record
TN:
SF:src\biometria\biometria.module.ts
FNF:0
FNH:0
DA:1,0
DA:2,0
DA:3,0
DA:4,0
DA:10,0
LF:5
LH:0
BRF:0
BRH:0
end_of_record
TN:
SF:src\biometria\biometria.mongodb.ts
FN:7,(anonymous_2)
FN:10,(anonymous_3)
FN:22,(anonymous_4)
FN:30,(anonymous_5)
FNF:4
FNH:0
FNDA:0,(anonymous_2)
FNDA:0,(anonymous_3)
FNDA:0,(anonymous_4)
FNDA:0,(anonymous_5)
DA:1,0
DA:2,0
DA:6,0
DA:7,0
DA:11,0
DA:12,0
DA:14,0
DA:23,0
DA:24,0
DA:26,0
DA:31,0
DA:32,0
DA:34,0
LF:13
LH:0
BRF:0
BRH:0
end_of_record
TN:
SF:src\biometria\biometria.service.ts
FN:10,(anonymous_2)
FN:12,(anonymous_3)
FN:33,(anonymous_4)
FNF:3
FNH:0
FNDA:0,(anonymous_2)
FNDA:0,(anonymous_3)
FNDA:0,(anonymous_4)
DA:1,0
DA:2,0
DA:6,0
DA:9,0
DA:10,0
DA:13,0
DA:28,0
DA:30,0
DA:34,0
DA:36,0
DA:43,0
DA:44,0
DA:50,0
LF:13
LH:0
BRDA:43,0,0,0
BRF:1
BRH:0
end_of_record
TN:
SF:src\bussinesCentral\employees\employees.class.ts
FN:8,(anonymous_2)
FN:10,(anonymous_3)
FNF:2
FNH:0
FNDA:0,(anonymous_2)
FNDA:0,(anonymous_3)
DA:1,0
DA:2,0
DA:3,0
DA:4,0
DA:7,0
DA:8,0
DA:11,0
DA:12,0
DA:18,0
DA:28,0
DA:29,0
DA:30,0
DA:35,0
DA:41,0
LF:14
LH:0
BRDA:28,0,0,0
BRDA:28,0,1,0
BRF:2
BRH:0
end_of_record
TN:
SF:src\bussinesCentral\employees\employees.controller.ts
FN:6,(anonymous_2)
FN:8,(anonymous_3)
FNF:2
FNH:0
FNDA:0,(anonymous_2)
FNDA:0,(anonymous_3)
DA:1,0
DA:2,0
DA:5,0
DA:6,0
DA:8,0
DA:9,0
DA:10,0
DA:11,0
LF:8
LH:0
BRF:0
BRH:0
end_of_record
TN:
SF:src\bussinesCentral\employees\employees.mssql.ts
FN:1,addEmployees
FNF:1
FNH:0
FNDA:0,addEmployees
DA:1,0
DA:2,0
DA:4,0
DA:5,0
DA:6,0
DA:11,0
DA:12,0
DA:17,0
LF:8
LH:0
BRDA:5,0,0,0
BRDA:11,1,0,0
BRF:2
BRH:0
end_of_record
TN:
SF:src\bussinesCentral\services\mbctoken\mbctoken.service.module.ts
FNF:0
FNH:0
DA:1,0
DA:2,0
DA:8,0
LF:3
LH:0
BRF:0
BRH:0
end_of_record
TN:
SF:src\bussinesCentral\services\mbctoken\mbctoken.service.ts
FN:7,(anonymous_1)
FNF:1
FNH:0
FNDA:0,(anonymous_1)
DA:1,0
DA:2,0
DA:3,0
DA:6,0
DA:8,0
DA:10,0
DA:11,0
DA:12,0
DA:13,0
DA:14,0
DA:15,0
DA:17,0
DA:22,0
DA:23,0
DA:26,0
LF:15
LH:0
BRDA:22,0,0,0
BRF:1
BRH:0
end_of_record
TN:
SF:src\calendario-festivos\calendario-festivos.class.ts
FN:10,(anonymous_2)
FN:12,(anonymous_3)
FN:19,(anonymous_4)
FN:23,(anonymous_5)
FN:27,(anonymous_6)
FN:31,(anonymous_7)
FN:35,(anonymous_8)
FN:42,(anonymous_9)
FN:46,(anonymous_10)
FN:50,(anonymous_11)
FNF:10
FNH:0
FNDA:0,(anonymous_2)
FNDA:0,(anonymous_3)
FNDA:0,(anonymous_4)
FNDA:0,(anonymous_5)
FNDA:0,(anonymous_6)
FNDA:0,(anonymous_7)
FNDA:0,(anonymous_8)
FNDA:0,(anonymous_9)
FNDA:0,(anonymous_10)
FNDA:0,(anonymous_11)
DA:1,0
DA:6,0
DA:9,0
DA:10,0
DA:13,0
DA:14,0
DA:16,0
DA:20,0
DA:24,0
DA:28,0
DA:32,0
DA:36,0
DA:37,0
DA:39,0
DA:43,0
DA:47,0
DA:51,0
LF:17
LH:0
BRDA:14,0,0,0
BRDA:37,1,0,0
BRF:2
BRH:0
end_of_record
TN:
SF:src\calendario-festivos\calendario-festivos.controller.ts
FN:12,(anonymous_4)
FN:19,(anonymous_5)
FN:33,(anonymous_6)
FN:46,(anonymous_7)
FN:61,(anonymous_8)
FN:81,(anonymous_9)
FN:101,(anonymous_10)
FN:118,(anonymous_11)
FN:133,(anonymous_12)
FN:145,(anonymous_13)
FNF:10
FNH:0
FNDA:0,(anonymous_4)
FNDA:0,(anonymous_5)
FNDA:0,(anonymous_6)
FNDA:0,(anonymous_7)
FNDA:0,(anonymous_8)
FNDA:0,(anonymous_9)
FNDA:0,(anonymous_10)
FNDA:0,(anonymous_11)
FNDA:0,(anonymous_12)
FNDA:0,(anonymous_13)
DA:1,0
DA:2,0
DA:7,0
DA:8,0
DA:11,0
DA:13,0
DA:14,0
DA:19,0
DA:20,0
DA:21,0
DA:26,0
DA:27,0
DA:33,0
DA:34,0
DA:36,0
DA:37,0
DA:38,0
DA:40,0
DA:46,0
DA:47,0
DA:49,0
DA:52,0
DA:53,0
DA:55,0
DA:61,0
DA:62,0
DA:64,0
DA:66,0
DA:67,0
DA:72,0
DA:74,0
DA:75,0
DA:81,0
DA:82,0
DA:84,0
DA:85,0
DA:86,0
DA:91,0
DA:93,0
DA:94,0
DA:101,0
DA:102,0
DA:104,0
DA:106,0
DA:111,0
DA:112,0
DA:118,0
DA:119,0
DA:121,0
DA:125,0
DA:127,0
DA:133,0
DA:134,0
DA:135,0
DA:136,0
DA:137,0
DA:139,0
DA:145,0
DA:146,0
DA:148,0
DA:149,0
DA:150,0
DA:152,0
LF:63
LH:0
BRDA:37,0,0,0
BRDA:37,0,1,0
BRDA:52,1,0,0
BRDA:52,1,1,0
BRDA:66,2,0,0
BRDA:85,3,0,0
BRDA:136,4,0,0
BRDA:136,4,1,0
BRDA:149,5,0,0
BRDA:149,5,1,0
BRF:10
BRH:0
end_of_record
TN:
SF:src\calendario-festivos\calendario-festivos.module.ts
FNF:0
FNH:0
DA:1,0
DA:2,0
DA:3,0
DA:4,0
DA:11,0
LF:5
LH:0
BRF:0
BRH:0
end_of_record
TN:
SF:src\calendario-festivos\calendario-festivos.mongodb.ts
FN:11,(anonymous_2)
FN:13,(anonymous_3)
FN:25,(anonymous_4)
FN:35,(anonymous_5)
FN:51,(anonymous_6)
FN:76,(anonymous_7)
FN:89,(anonymous_8)
FN:101,(anonymous_9)
FN:114,(anonymous_10)
FN:124,(anonymous_11)
FNF:10
FNH:0
FNDA:0,(anonymous_2)
FNDA:0,(anonymous_3)
FNDA:0,(anonymous_4)
FNDA:0,(anonymous_5)
FNDA:0,(anonymous_6)
FNDA:0,(anonymous_7)
FNDA:0,(anonymous_8)
FNDA:0,(anonymous_9)
FNDA:0,(anonymous_10)
FNDA:0,(anonymous_11)
DA:1,0
DA:2,0
DA:7,0
DA:10,0
DA:11,0
DA:14,0
DA:16,0
DA:18,0
DA:20,0
DA:22,0
DA:26,0
DA:28,0
DA:30,0
DA:32,0
DA:36,0
DA:38,0
DA:40,0
DA:41,0
DA:45,0
DA:52,0
DA:54,0
DA:56,0
DA:72,0
DA:73,0
DA:77,0
DA:79,0
DA:81,0
DA:85,0
DA:90,0
DA:92,0
DA:94,0
DA:96,0
DA:98,0
DA:102,0
DA:104,0
DA:107,0
DA:111,0
DA:115,0
DA:117,0
DA:119,0
DA:121,0
DA:125,0
DA:127,0
DA:128,0
DA:130,0
DA:131,0
DA:135,0
LF:47
LH:0
BRDA:20,0,0,0
BRDA:40,1,0,0
BRDA:40,1,1,0
BRDA:40,2,0,0
BRDA:40,2,1,0
BRDA:72,3,0,0
BRDA:72,4,0,0
BRDA:72,4,1,0
BRDA:85,5,0,0
BRDA:85,5,1,0
BRDA:96,6,0,0
BRDA:128,7,0,0
BRDA:128,7,1,0
BRDA:130,8,0,0
BRF:14
BRH:0
end_of_record
TN:
SF:src\chat\chat.class.ts
FN:7,(anonymous_2)
FN:9,(anonymous_3)
FN:13,(anonymous_4)
FN:19,(anonymous_5)
FNF:4
FNH:0
FNDA:0,(anonymous_2)
FNDA:0,(anonymous_3)
FNDA:0,(anonymous_4)
FNDA:0,(anonymous_5)
DA:1,0
DA:2,0
DA:6,0
DA:7,0
DA:10,0
DA:15,0
DA:16,0
DA:20,0
LF:8
LH:0
BRF:0
BRH:0
end_of_record
TN:
SF:src\chat\chat.controller.ts
FN:11,(anonymous_4)
FN:19,(anonymous_5)
FN:25,(anonymous_6)
FN:57,(anonymous_7)
FNF:4
FNH:0
FNDA:0,(anonymous_4)
FNDA:0,(anonymous_5)
FNDA:0,(anonymous_6)
FNDA:0,(anonymous_7)
DA:1,0
DA:3,0
DA:5,0
DA:6,0
DA:7,0
DA:10,0
DA:12,0
DA:13,0
DA:14,0
DA:19,0
DA:20,0
DA:25,0
DA:27,0
DA:29,0
DA:31,0
DA:36,0
DA:37,0
DA:42,0
DA:43,0
DA:51,0
DA:57,0
DA:59,0
LF:22
LH:0
BRDA:36,0,0,0
BRDA:42,1,0,0
BRDA:42,2,0,0
BRDA:42,2,1,0
BRF:4
BRH:0
end_of_record
TN:
SF:src\chat\chat.gateway.ts
FN:27,(anonymous_2)
FN:30,(anonymous_3)
FN:42,(anonymous_4)
FN:47,(anonymous_5)
FN:66,(anonymous_6)
FNF:5
FNH:0
FNDA:0,(anonymous_2)
FNDA:0,(anonymous_3)
FNDA:0,(anonymous_4)
FNDA:0,(anonymous_5)
FNDA:0,(anonymous_6)
DA:1,0
DA:8,0
DA:9,0
DA:26,0
DA:27,0
DA:28,0
DA:31,0
DA:33,0
DA:34,0
DA:36,0
DA:43,0
DA:46,0
DA:51,0
DA:53,0
DA:55,0
DA:56,0
DA:58,0
DA:66,0
DA:70,0
DA:73,0
DA:78,0
DA:79,0
LF:22
LH:0
BRDA:33,0,0,0
BRDA:33,0,1,0
BRDA:33,1,0,0
BRDA:33,1,1,0
BRDA:53,2,0,0
BRDA:53,2,1,0
BRDA:53,3,0,0
BRDA:53,3,1,0
BRF:8
BRH:0
end_of_record
TN:
SF:src\chat\chat.module.ts
FN:11,(anonymous_1)
FN:12,(anonymous_2)
FNF:2
FNH:0
FNDA:0,(anonymous_1)
FNDA:0,(anonymous_2)
DA:1,0
DA:2,0
DA:3,0
DA:4,0
DA:5,0
DA:6,0
DA:7,0
DA:11,0
DA:12,0
DA:17,0
LF:10
LH:0
BRF:0
BRH:0
end_of_record
TN:
SF:src\chat\chat.mongodb.ts
FN:10,(anonymous_2)
FN:12,(anonymous_3)
FN:22,(anonymous_4)
FN:30,(anonymous_5)
FN:35,(anonymous_6)
FNF:5
FNH:0
FNDA:0,(anonymous_2)
FNDA:0,(anonymous_3)
FNDA:0,(anonymous_4)
FNDA:0,(anonymous_5)
FNDA:0,(anonymous_6)
DA:1,0
DA:2,0
DA:4,0
DA:6,0
DA:9,0
DA:10,0
DA:13,0
DA:14,0
DA:15,0
DA:23,0
DA:24,0
DA:25,0
DA:26,0
DA:27,0
DA:31,0
DA:32,0
DA:35,0
DA:38,0
DA:49,0
LF:19
LH:0
BRF:0
BRH:0
end_of_record
TN:
SF:src\clientes\clientes.controller.ts
FN:43,(anonymous_4)
FN:51,(anonymous_5)
FN:100,(anonymous_6)
FN:119,(anonymous_7)
FN:141,(anonymous_8)
FN:162,(anonymous_9)
FN:48,(anonymous_10)
FNF:7
FNH:0
FNDA:0,(anonymous_4)
FNDA:0,(anonymous_5)
FNDA:0,(anonymous_6)
FNDA:0,(anonymous_7)
FNDA:0,(anonymous_8)
FNDA:0,(anonymous_9)
FNDA:0,(anonymous_10)
DA:1,0
DA:11,0
DA:12,0
DA:15,0
DA:18,0
DA:21,0
DA:24,0
DA:28,0
DA:32,0
DA:36,0
DA:42,0
DA:43,0
DA:48,0
DA:51,0
DA:52,0
DA:56,0
DA:61,0
DA:100,0
DA:101,0
DA:102,0
DA:103,0
DA:106,0
DA:113,0
DA:114,0
DA:119,0
DA:120,0
DA:121,0
DA:122,0
DA:123,0
DA:128,0
DA:133,0
DA:141,0
DA:142,0
DA:143,0
DA:145,0
DA:146,0
DA:147,0
DA:149,0
DA:154,0
DA:162,0
DA:163,0
DA:164,0
DA:166,0
DA:167,0
DA:172,0
DA:174,0
DA:175,0
LF:47
LH:0
BRDA:52,0,0,0
BRDA:53,1,0,0
BRDA:53,1,1,0
BRDA:53,1,2,0
BRDA:53,1,3,0
BRDA:53,1,4,0
BRDA:122,2,0,0
BRDA:122,2,1,0
BRDA:145,3,0,0
BRDA:145,3,1,0
BRDA:146,4,0,0
BRDA:166,5,0,0
BRF:12
BRH:0
end_of_record
TN:
SF:src\clientes\clientes.module.ts
FNF:0
FNH:0
DA:1,0
DA:2,0
DA:3,0
DA:4,0
DA:5,0
DA:6,0
DA:14,0
LF:7
LH:0
BRF:0
BRH:0
end_of_record
TN:
SF:src\clientes\clientes.mongodb.ts
FN:9,(anonymous_2)
FN:12,(anonymous_3)
FN:33,(anonymous_4)
FN:51,(anonymous_5)
FN:60,(anonymous_6)
FN:68,(anonymous_7)
FN:81,(anonymous_8)
FN:88,(anonymous_9)
FNF:8
FNH:0
FNDA:0,(anonymous_2)
FNDA:0,(anonymous_3)
FNDA:0,(anonymous_4)
FNDA:0,(anonymous_5)
FNDA:0,(anonymous_6)
FNDA:0,(anonymous_7)
FNDA:0,(anonymous_8)
FNDA:0,(anonymous_9)
DA:1,0
DA:2,0
DA:8,0
DA:9,0
DA:13,0
DA:14,0
DA:17,0
DA:20,0
DA:21,0
DA:25,0
DA:26,0
DA:27,0
DA:34,0
DA:36,0
DA:38,0
DA:41,0
DA:42,0
DA:46,0
DA:47,0
DA:48,0
DA:52,0
DA:53,0
DA:57,0
DA:61,0
DA:63,0
DA:65,0
DA:69,0
DA:70,0
DA:74,0
DA:78,0
DA:82,0
DA:84,0
DA:86,0
DA:89,0
DA:91,0
DA:93,0
LF:36
LH:0
BRDA:20,0,0,0
BRDA:26,1,0,0
BRDA:41,2,0,0
BRDA:47,3,0,0
BRF:4
BRH:0
end_of_record
TN:
SF:src\clientes\clientes.service.ts
FN:13,(anonymous_2)
FN:18,(anonymous_3)
FN:143,(anonymous_4)
FN:193,(anonymous_5)
FN:266,(anonymous_6)
FN:406,(anonymous_7)
FN:414,(anonymous_8)
FN:418,(anonymous_9)
FNF:8
FNH:0
FNDA:0,(anonymous_2)
FNDA:0,(anonymous_3)
FNDA:0,(anonymous_4)
FNDA:0,(anonymous_5)
FNDA:0,(anonymous_6)
FNDA:0,(anonymous_7)
FNDA:0,(anonymous_8)
FNDA:0,(anonymous_9)
DA:1,0
DA:2,0
DA:3,0
DA:5,0
DA:6,0
DA:7,0
DA:8,0
DA:9,0
DA:12,0
DA:14,0
DA:15,0
DA:16,0
DA:27,0
DA:28,0
DA:38,0
DA:39,0
DA:90,0
DA:95,0
DA:97,0
DA:103,0
DA:104,0
DA:105,0
DA:113,0
DA:114,0
DA:148,0
DA:201,0
DA:204,0
DA:208,0
DA:248,0
DA:258,0
DA:261,0
DA:263,0
DA:268,0
DA:272,0
DA:277,0
DA:279,0
DA:381,0
DA:383,0
DA:387,0
DA:389,0
DA:392,0
DA:398,0
DA:399,0
DA:401,0
DA:407,0
DA:408,0
DA:410,0
DA:415,0
DA:419,0
LF:49
LH:0
BRDA:27,0,0,0
BRDA:27,0,1,0
BRDA:204,1,0,0
BRDA:204,1,1,0
BRDA:268,2,0,0
BRDA:268,2,1,0
BRDA:389,3,0,0
BRDA:389,3,1,0
BRDA:389,4,0,0
BRDA:389,4,1,0
BRF:10
BRH:0
end_of_record
TN:
SF:src\color-semanal\color-semanal.controller.ts
FN:10,(anonymous_4)
FN:15,(anonymous_5)
FN:21,(anonymous_6)
FNF:3
FNH:0
FNDA:0,(anonymous_4)
FNDA:0,(anonymous_5)
FNDA:0,(anonymous_6)
DA:1,0
DA:2,0
DA:3,0
DA:4,0
DA:5,0
DA:6,0
DA:9,0
DA:10,0
DA:15,0
DA:16,0
DA:21,0
DA:22,0
LF:12
LH:0
BRF:0
BRH:0
end_of_record
TN:
SF:src\color-semanal\color-semanal.dto.ts
FN:4,(anonymous_2)
FNF:1
FNH:0
FNDA:0,(anonymous_2)
DA:1,0
DA:4,0
DA:5,0
DA:6,0
DA:7,0
DA:8,0
DA:12,0
DA:20,0
LF:8
LH:0
BRDA:4,0,0,0
BRDA:4,0,1,0
BRF:2
BRH:0
end_of_record
TN:
SF:src\color-semanal\color-semanal.module.ts
FNF:0
FNH:0
DA:1,0
DA:2,0
DA:3,0
DA:9,0
LF:4
LH:0
BRF:0
BRH:0
end_of_record
TN:
SF:src\color-semanal\color-semanal.service.ts
FN:9,(anonymous_2)
FN:11,(anonymous_3)
FN:23,(anonymous_4)
FN:40,(anonymous_5)
FN:54,(anonymous_6)
FNF:5
FNH:0
FNDA:0,(anonymous_2)
FNDA:0,(anonymous_3)
FNDA:0,(anonymous_4)
FNDA:0,(anonymous_5)
FNDA:0,(anonymous_6)
DA:1,0
DA:2,0
DA:3,0
DA:5,0
DA:8,0
DA:9,0
DA:12,0
DA:24,0
DA:30,0
DA:31,0
DA:33,0
DA:41,0
DA:43,0
DA:45,0
DA:47,0
DA:49,0
DA:55,0
DA:57,0
DA:59,0
DA:61,0
DA:63,0
LF:21
LH:0
BRDA:41,0,0,0
BRDA:41,0,1,0
BRDA:41,0,2,0
BRDA:41,0,3,0
BRDA:55,1,0,0
BRDA:55,1,1,0
BRDA:55,1,2,0
BRDA:55,1,3,0
BRF:8
BRH:0
end_of_record
TN:
SF:src\contrato\contrato.controller.ts
FN:14,(anonymous_4)
FN:21,(anonymous_5)
FN:35,(anonymous_6)
FN:49,(anonymous_7)
FNF:4
FNH:0
FNDA:0,(anonymous_4)
FNDA:0,(anonymous_5)
FNDA:0,(anonymous_6)
FNDA:0,(anonymous_7)
DA:1,0
DA:2,0
DA:3,0
DA:4,0
DA:5,0
DA:6,0
DA:7,0
DA:8,0
DA:9,0
DA:10,0
DA:13,0
DA:15,0
DA:16,0
DA:21,0
DA:22,0
DA:23,0
DA:28,0
DA:29,0
DA:35,0
DA:37,0
DA:39,0
DA:43,0
DA:49,0
DA:50,0
LF:24
LH:0
BRF:0
BRH:0
end_of_record
TN:
SF:src\contrato\contrato.dto.ts
FN:12,(anonymous_2)
FN:17,(anonymous_3)
FN:22,(anonymous_4)
FN:27,(anonymous_5)
FN:36,(anonymous_6)
FNF:5
FNH:0
FNDA:0,(anonymous_2)
FNDA:0,(anonymous_3)
FNDA:0,(anonymous_4)
FNDA:0,(anonymous_5)
FNDA:0,(anonymous_6)
DA:1,0
DA:2,0
DA:10,0
DA:11,0
DA:12,0
DA:16,0
DA:17,0
DA:21,0
DA:22,0
DA:26,0
DA:27,0
DA:31,0
DA:35,0
DA:36,0
DA:41,0
DA:42,0
LF:16
LH:0
BRF:0
BRH:0
end_of_record
TN:
SF:src\contrato\contrato.module.ts
FN:7,(anonymous_1)
FNF:1
FNH:0
FNDA:0,(anonymous_1)
DA:1,0
DA:2,0
DA:3,0
DA:4,0
DA:7,0
DA:12,0
LF:6
LH:0
BRF:0
BRH:0
end_of_record
TN:
SF:src\contrato\contrato.service.ts
FN:7,(anonymous_2)
FN:63,(anonymous_3)
FN:77,(anonymous_4)
FN:82,(anonymous_5)
FN:86,(anonymous_6)
FN:91,(anonymous_7)
FN:118,(anonymous_8)
FN:122,(anonymous_9)
FNF:8
FNH:0
FNDA:0,(anonymous_2)
FNDA:0,(anonymous_3)
FNDA:0,(anonymous_4)
FNDA:0,(anonymous_5)
FNDA:0,(anonymous_6)
FNDA:0,(anonymous_7)
FNDA:0,(anonymous_8)
FNDA:0,(anonymous_9)
DA:1,0
DA:2,0
DA:6,0
DA:7,0
DA:64,0
DA:72,0
DA:74,0
DA:78,0
DA:83,0
DA:87,0
DA:92,0
DA:94,0
DA:113,0
DA:115,0
DA:119,0
DA:123,0
DA:124,0
DA:132,0
DA:134,0
DA:136,0
DA:137,0
LF:21
LH:0
BRDA:72,0,0,0
BRDA:113,1,0,0
BRDA:132,2,0,0
BRF:3
BRH:0
end_of_record
TN:
SF:src\crypto\crypto.class.ts
FN:7,(anonymous_1)
FN:11,(anonymous_2)
FN:16,(anonymous_3)
FNF:3
FNH:0
FNDA:0,(anonymous_1)
FNDA:0,(anonymous_2)
FNDA:0,(anonymous_3)
DA:1,0
DA:2,0
DA:3,0
DA:6,0
DA:8,0
DA:12,0
DA:17,0
LF:7
LH:0
BRF:0
BRH:0
end_of_record
TN:
SF:src\crypto\crypto.module.ts
FNF:0
FNH:0
DA:1,0
DA:2,0
DA:8,0
LF:3
LH:0
BRF:0
BRH:0
end_of_record
TN:
SF:src\cuadrantes\cuadrantes.class.ts
FN:23,(anonymous_4)
FN:33,(anonymous_5)
FN:60,(anonymous_6)
FN:65,(anonymous_7)
FN:70,(anonymous_8)
FN:87,(anonymous_9)
FN:110,(anonymous_10)
FN:123,(anonymous_11)
FN:134,(anonymous_12)
FN:161,(anonymous_13)
FN:181,(anonymous_14)
FN:204,(anonymous_15)
FN:227,(anonymous_16)
FN:261,(anonymous_17)
FN:271,(anonymous_18)
FN:285,(anonymous_19)
FN:384,(anonymous_20)
FN:389,(anonymous_21)
FN:397,(anonymous_22)
FN:401,(anonymous_23)
FN:412,(anonymous_24)
FN:417,(anonymous_25)
FN:429,(anonymous_26)
FN:455,(anonymous_27)
FN:472,(anonymous_28)
FN:513,(anonymous_29)
FN:524,(anonymous_30)
FN:539,(anonymous_31)
FN:554,(anonymous_32)
FN:568,(anonymous_33)
FN:589,(anonymous_34)
FN:27,(anonymous_35)
FNF:32
FNH:0
FNDA:0,(anonymous_4)
FNDA:0,(anonymous_5)
FNDA:0,(anonymous_6)
FNDA:0,(anonymous_7)
FNDA:0,(anonymous_8)
FNDA:0,(anonymous_9)
FNDA:0,(anonymous_10)
FNDA:0,(anonymous_11)
FNDA:0,(anonymous_12)
FNDA:0,(anonymous_13)
FNDA:0,(anonymous_14)
FNDA:0,(anonymous_15)
FNDA:0,(anonymous_16)
FNDA:0,(anonymous_17)
FNDA:0,(anonymous_18)
FNDA:0,(anonymous_19)
FNDA:0,(anonymous_20)
FNDA:0,(anonymous_21)
FNDA:0,(anonymous_22)
FNDA:0,(anonymous_23)
FNDA:0,(anonymous_24)
FNDA:0,(anonymous_25)
FNDA:0,(anonymous_26)
FNDA:0,(anonymous_27)
FNDA:0,(anonymous_28)
FNDA:0,(anonymous_29)
FNDA:0,(anonymous_30)
FNDA:0,(anonymous_31)
FNDA:0,(anonymous_32)
FNDA:0,(anonymous_33)
FNDA:0,(anonymous_34)
FNDA:0,(anonymous_35)
DA:1,0
DA:2,0
DA:3,0
DA:4,0
DA:6,0
DA:8,0
DA:9,0
DA:10,0
DA:11,0
DA:15,0
DA:22,0
DA:24,0
DA:25,0
DA:26,0
DA:27,0
DA:28,0
DA:29,0
DA:39,0
DA:45,0
DA:49,0
DA:56,0
DA:62,0
DA:67,0
DA:77,0
DA:78,0
DA:80,0
DA:85,0
DA:87,0
DA:88,0
DA:91,0
DA:93,0
DA:110,0
DA:111,0
DA:113,0
DA:116,0
DA:119,0
DA:128,0
DA:130,0
DA:135,0
DA:136,0
DA:139,0
DA:144,0
DA:145,0
DA:147,0
DA:148,0
DA:152,0
DA:155,0
DA:167,0
DA:172,0
DA:174,0
DA:175,0
DA:178,0
DA:186,0
DA:188,0
DA:190,0
DA:196,0
DA:197,0
DA:201,0
DA:205,0
DA:206,0
DA:207,0
DA:212,0
DA:214,0
DA:215,0
DA:224,0
DA:233,0
DA:234,0
DA:236,0
DA:242,0
DA:247,0
DA:253,0
DA:259,0
DA:261,0
DA:262,0
DA:263,0
DA:266,0
DA:268,0
DA:275,0
DA:276,0
DA:277,0
DA:291,0
DA:292,0
DA:295,0
DA:297,0
DA:302,0
DA:304,0
DA:306,0
DA:310,0
DA:315,0
DA:321,0
DA:322,0
DA:324,0
DA:325,0
DA:326,0
DA:327,0
DA:328,0
DA:331,0
DA:335,0
DA:336,0
DA:353,0
DA:356,0
DA:363,0
DA:364,0
DA:370,0
DA:372,0
DA:375,0
DA:380,0
DA:385,0
DA:390,0
DA:391,0
DA:393,0
DA:398,0
DA:402,0
DA:403,0
DA:405,0
DA:413,0
DA:418,0
DA:419,0
DA:421,0
DA:430,0
DA:431,0
DA:434,0
DA:435,0
DA:437,0
DA:438,0
DA:439,0
DA:440,0
DA:441,0
DA:444,0
DA:447,0
DA:451,0
DA:456,0
DA:457,0
DA:460,0
DA:461,0
DA:466,0
DA:470,0
DA:471,0
DA:472,0
DA:473,0
DA:475,0
DA:476,0
DA:482,0
DA:484,0
DA:507,0
DA:510,0
DA:514,0
DA:515,0
DA:516,0
DA:517,0
DA:520,0
DA:530,0
DA:544,0
DA:555,0
DA:556,0
DA:558,0
DA:564,0
DA:565,0
DA:569,0
DA:570,0
DA:572,0
DA:573,0
DA:575,0
DA:577,0
DA:582,0
DA:588,0
DA:589,0
DA:590,0
DA:591,0
DA:593,0
DA:594,0
DA:596,0
DA:598,0
DA:606,0
DA:609,0
LF:175
LH:0
BRDA:91,0,0,0
BRDA:91,0,1,0
BRDA:302,1,0,0
BRDA:326,2,0,0
BRDA:335,3,0,0
BRDA:370,4,0,0
BRDA:438,5,0,0
BRDA:444,6,0,0
BRDA:457,7,0,0
BRDA:457,7,1,0
BRDA:475,8,0,0
BRDA:475,8,1,0
BRDA:479,9,0,0
BRDA:479,9,1,0
BRDA:501,10,0,0
BRDA:501,10,1,0
BRDA:514,11,0,0
BRDA:514,11,1,0
BRDA:515,12,0,0
BRDA:515,12,1,0
BRDA:516,13,0,0
BRDA:564,14,0,0
BRDA:588,15,0,0
BRF:23
BRH:0
end_of_record
TN:
SF:src\cuadrantes\cuadrantes.controller.ts
FN:29,(anonymous_4)
FN:258,(anonymous_5)
FN:39,(anonymous_6)
FN:62,(anonymous_7)
FN:88,(anonymous_8)
FN:90,(anonymous_9)
FN:108,(anonymous_10)
FN:149,(anonymous_11)
FN:155,(anonymous_12)
FN:170,(anonymous_13)
FN:185,(anonymous_14)
FN:202,(anonymous_15)
FN:223,(anonymous_16)
FN:239,(anonymous_17)
FN:277,(anonymous_18)
FN:308,(anonymous_19)
FN:418,(anonymous_20)
FN:424,(anonymous_21)
FNF:18
FNH:0
FNDA:0,(anonymous_4)
FNDA:0,(anonymous_5)
FNDA:0,(anonymous_6)
FNDA:0,(anonymous_7)
FNDA:0,(anonymous_8)
FNDA:0,(anonymous_9)
FNDA:0,(anonymous_10)
FNDA:0,(anonymous_11)
FNDA:0,(anonymous_12)
FNDA:0,(anonymous_13)
FNDA:0,(anonymous_14)
FNDA:0,(anonymous_15)
FNDA:0,(anonymous_16)
FNDA:0,(anonymous_17)
FNDA:0,(anonymous_18)
FNDA:0,(anonymous_19)
FNDA:0,(anonymous_20)
FNDA:0,(anonymous_21)
DA:1,0
DA:11,0
DA:12,0
DA:14,0
DA:15,0
DA:16,0
DA:17,0
DA:18,0
DA:19,0
DA:20,0
DA:21,0
DA:22,0
DA:23,0
DA:24,0
DA:28,0
DA:30,0
DA:31,0
DA:32,0
DA:33,0
DA:34,0
DA:39,0
DA:43,0
DA:45,0
DA:47,0
DA:48,0
DA:50,0
DA:51,0
DA:57,0
DA:58,0
DA:61,0
DA:62,0
DA:65,0
DA:73,0
DA:74,0
DA:80,0
DA:82,0
DA:88,0
DA:89,0
DA:90,0
DA:93,0
DA:96,0
DA:101,0
DA:102,0
DA:108,0
DA:117,0
DA:119,0
DA:121,0
DA:123,0
DA:125,0
DA:126,0
DA:129,0
DA:131,0
DA:140,0
DA:142,0
DA:143,0
DA:147,0
DA:150,0
DA:155,0
DA:156,0
DA:157,0
DA:158,0
DA:161,0
DA:163,0
DA:164,0
DA:170,0
DA:171,0
DA:172,0
DA:177,0
DA:178,0
DA:185,0
DA:186,0
DA:187,0
DA:188,0
DA:195,0
DA:196,0
DA:202,0
DA:205,0
DA:206,0
DA:207,0
DA:215,0
DA:216,0
DA:223,0
DA:224,0
DA:225,0
DA:226,0
DA:231,0
DA:232,0
DA:239,0
DA:243,0
DA:244,0
DA:245,0
DA:253,0
DA:254,0
DA:258,0
DA:272,0
DA:277,0
DA:282,0
DA:283,0
DA:284,0
DA:286,0
DA:289,0
DA:293,0
DA:294,0
DA:297,0
DA:301,0
DA:308,0
DA:314,0
DA:316,0
DA:318,0
DA:319,0
DA:324,0
DA:327,0
DA:331,0
DA:336,0
DA:341,0
DA:376,0
DA:383,0
DA:401,0
DA:406,0
DA:409,0
DA:411,0
DA:412,0
DA:418,0
DA:419,0
DA:424,0
DA:425,0
DA:426,0
DA:431,0
DA:432,0
LF:129
LH:0
BRDA:50,0,0,0
BRDA:57,1,0,0
BRDA:73,2,0,0
BRDA:73,3,0,0
BRDA:73,3,1,0
BRDA:80,4,0,0
BRDA:119,5,0,0
BRDA:119,5,1,0
BRDA:123,6,0,0
BRDA:123,7,0,0
BRDA:123,7,1,0
BRDA:125,8,0,0
BRDA:125,9,0,0
BRDA:125,9,1,0
BRDA:157,10,0,0
BRDA:157,10,1,0
BRDA:187,11,0,0
BRDA:206,12,0,0
BRDA:225,13,0,0
BRDA:244,14,0,0
BRDA:244,15,0,0
BRDA:244,15,1,0
BRDA:283,16,0,0
BRDA:284,17,0,0
BRDA:284,17,1,0
BRDA:293,18,0,0
BRDA:293,19,0,0
BRDA:293,19,1,0
BRDA:319,20,0,0
BRDA:342,21,0,0
BRDA:342,21,1,0
BRDA:346,22,0,0
BRDA:346,22,1,0
BRDA:349,23,0,0
BRDA:349,23,1,0
BRDA:370,24,0,0
BRDA:370,24,1,0
BRDA:376,25,0,0
BRF:38
BRH:0
end_of_record
TN:
SF:src\cuadrantes\cuadrantes.dto.ts
FN:65,(anonymous_2)
FN:82,(anonymous_3)
FN:87,(anonymous_4)
FN:102,(anonymous_5)
FNF:4
FNH:0
FNDA:0,(anonymous_2)
FNDA:0,(anonymous_3)
FNDA:0,(anonymous_4)
FNDA:0,(anonymous_5)
DA:1,0
DA:11,0
DA:12,0
DA:15,0
DA:18,0
DA:22,0
DA:26,0
DA:30,0
DA:31,0
DA:34,0
DA:37,0
DA:40,0
DA:43,0
DA:46,0
DA:49,0
DA:52,0
DA:55,0
DA:58,0
DA:61,0
DA:64,0
DA:65,0
DA:68,0
DA:71,0
DA:75,0
DA:80,0
DA:81,0
DA:82,0
DA:86,0
DA:87,0
DA:91,0
DA:96,0
DA:97,0
DA:101,0
DA:102,0
LF:34
LH:0
BRF:0
BRH:0
end_of_record
TN:
SF:src\cuadrantes\cuadrantes.module.ts
FN:12,(anonymous_1)
FN:13,(anonymous_2)
FN:14,(anonymous_3)
FN:15,(anonymous_4)
FNF:4
FNH:0
FNDA:0,(anonymous_1)
FNDA:0,(anonymous_2)
FNDA:0,(anonymous_3)
FNDA:0,(anonymous_4)
DA:1,0
DA:2,0
DA:3,0
DA:4,0
DA:5,0
DA:6,0
DA:7,0
DA:8,0
DA:9,0
DA:12,0
DA:13,0
DA:14,0
DA:15,0
DA:22,0
LF:14
LH:0
BRF:0
BRH:0
end_of_record
TN:
SF:src\cuadrantes\cuadrantes.mongodb.ts
FN:18,(anonymous_3)
FN:21,(anonymous_4)
FN:48,(anonymous_5)
FN:72,(anonymous_6)
FN:81,(anonymous_7)
FN:103,(anonymous_8)
FN:127,(anonymous_9)
FN:148,(anonymous_10)
FN:158,(anonymous_11)
FN:184,(anonymous_12)
FN:200,(anonymous_13)
FN:223,(anonymous_14)
FN:232,(anonymous_15)
FN:248,(anonymous_16)
FN:267,(anonymous_17)
FN:278,(anonymous_18)
FN:297,(anonymous_19)
FN:308,(anonymous_20)
FN:314,(anonymous_21)
FN:320,(anonymous_22)
FN:354,(anonymous_23)
FN:372,(anonymous_24)
FN:393,(anonymous_25)
FNF:23
FNH:0
FNDA:0,(anonymous_3)
FNDA:0,(anonymous_4)
FNDA:0,(anonymous_5)
FNDA:0,(anonymous_6)
FNDA:0,(anonymous_7)
FNDA:0,(anonymous_8)
FNDA:0,(anonymous_9)
FNDA:0,(anonymous_10)
FNDA:0,(anonymous_11)
FNDA:0,(anonymous_12)
FNDA:0,(anonymous_13)
FNDA:0,(anonymous_14)
FNDA:0,(anonymous_15)
FNDA:0,(anonymous_16)
FNDA:0,(anonymous_17)
FNDA:0,(anonymous_18)
FNDA:0,(anonymous_19)
FNDA:0,(anonymous_20)
FNDA:0,(anonymous_21)
FNDA:0,(anonymous_22)
FNDA:0,(anonymous_23)
FNDA:0,(anonymous_24)
FNDA:0,(anonymous_25)
DA:1,0
DA:2,0
DA:4,0
DA:5,0
DA:6,0
DA:8,0
DA:17,0
DA:18,0
DA:22,0
DA:23,0
DA:24,0
DA:25,0
DA:26,0
DA:52,0
DA:53,0
DA:56,0
DA:57,0
DA:59,0
DA:66,0
DA:67,0
DA:73,0
DA:74,0
DA:75,0
DA:76,0
DA:77,0
DA:82,0
DA:83,0
DA:84,0
DA:96,0
DA:108,0
DA:109,0
DA:111,0
DA:123,0
DA:132,0
DA:133,0
DA:135,0
DA:145,0
DA:149,0
DA:150,0
DA:152,0
DA:156,0
DA:159,0
DA:160,0
DA:163,0
DA:168,0
DA:169,0
DA:172,0
DA:176,0
DA:180,0
DA:185,0
DA:186,0
DA:187,0
DA:196,0
DA:205,0
DA:206,0
DA:207,0
DA:219,0
DA:224,0
DA:225,0
DA:226,0
DA:228,0
DA:236,0
DA:237,0
DA:238,0
DA:245,0
DA:253,0
DA:254,0
DA:255,0
DA:263,0
DA:268,0
DA:269,0
DA:270,0
DA:274,0
DA:283,0
DA:284,0
DA:285,0
DA:293,0
DA:298,0
DA:299,0
DA:300,0
DA:304,0
DA:310,0
DA:315,0
DA:316,0
DA:321,0
DA:323,0
DA:324,0
DA:325,0
DA:332,0
DA:355,0
DA:356,0
DA:358,0
DA:359,0
DA:361,0
DA:363,0
DA:364,0
DA:365,0
DA:367,0
DA:378,0
DA:379,0
DA:383,0
DA:390,0
DA:394,0
DA:395,0
DA:397,0
DA:405,0
LF:106
LH:0
BRDA:25,0,0,0
BRDA:66,1,0,0
BRDA:76,2,0,0
BRDA:76,3,0,0
BRDA:76,3,1,0
BRDA:97,4,0,0
BRDA:97,4,1,0
BRDA:97,4,2,0
BRDA:168,5,0,0
BRDA:219,6,0,0
BRDA:219,6,1,0
BRDA:219,7,0,0
BRDA:219,7,1,0
BRDA:219,8,0,0
BRDA:219,8,1,0
BRDA:228,9,0,0
BRDA:228,9,1,0
BRDA:228,10,0,0
BRDA:228,10,1,0
BRDA:228,11,0,0
BRDA:228,11,1,0
BRDA:245,12,0,0
BRDA:245,12,1,0
BRDA:245,13,0,0
BRDA:245,13,1,0
BRDA:245,14,0,0
BRDA:245,14,1,0
BRDA:263,15,0,0
BRDA:263,15,1,0
BRDA:263,16,0,0
BRDA:263,16,1,0
BRDA:263,17,0,0
BRDA:263,17,1,0
BRDA:274,18,0,0
BRDA:274,18,1,0
BRDA:274,19,0,0
BRDA:274,19,1,0
BRDA:274,20,0,0
BRDA:274,20,1,0
BRDA:304,21,0,0
BRDA:304,21,1,0
BRDA:304,22,0,0
BRDA:304,22,1,0
BRDA:304,23,0,0
BRDA:304,23,1,0
BRDA:324,24,0,0
BRDA:363,25,0,0
BRDA:363,25,1,0
BRF:48
BRH:0
end_of_record
TN:
SF:src\cultura365\cultura365.class.ts
FN:7,(anonymous_2)
FN:9,(anonymous_3)
FN:17,(anonymous_4)
FN:22,(anonymous_5)
FN:26,(anonymous_6)
FN:30,(anonymous_7)
FN:34,(anonymous_8)
FNF:7
FNH:0
FNDA:0,(anonymous_2)
FNDA:0,(anonymous_3)
FNDA:0,(anonymous_4)
FNDA:0,(anonymous_5)
FNDA:0,(anonymous_6)
FNDA:0,(anonymous_7)
FNDA:0,(anonymous_8)
DA:1,0
DA:2,0
DA:6,0
DA:7,0
DA:10,0
DA:12,0
DA:13,0
DA:18,0
DA:19,0
DA:23,0
DA:27,0
DA:31,0
DA:35,0
LF:13
LH:0
BRDA:12,0,0,0
BRF:1
BRH:0
end_of_record
TN:
SF:src\cultura365\cultura365.controller.ts
FN:8,(anonymous_4)
FN:12,(anonymous_5)
FN:27,(anonymous_6)
FN:40,(anonymous_7)
FN:55,(anonymous_8)
FN:70,(anonymous_9)
FN:85,(anonymous_10)
FNF:7
FNH:0
FNDA:0,(anonymous_4)
FNDA:0,(anonymous_5)
FNDA:0,(anonymous_6)
FNDA:0,(anonymous_7)
FNDA:0,(anonymous_8)
FNDA:0,(anonymous_9)
FNDA:0,(anonymous_10)
DA:1,0
DA:2,0
DA:3,0
DA:7,0
DA:8,0
DA:12,0
DA:13,0
DA:14,0
DA:15,0
DA:20,0
DA:21,0
DA:27,0
DA:28,0
DA:29,0
DA:31,0
DA:32,0
DA:34,0
DA:40,0
DA:41,0
DA:42,0
DA:43,0
DA:46,0
DA:48,0
DA:49,0
DA:55,0
DA:56,0
DA:57,0
DA:58,0
DA:61,0
DA:63,0
DA:64,0
DA:70,0
DA:71,0
DA:72,0
DA:76,0
DA:79,0
DA:85,0
DA:86,0
DA:87,0
DA:89,0
DA:92,0
LF:41
LH:0
BRDA:31,0,0,0
BRDA:31,0,1,0
BRDA:42,1,0,0
BRDA:57,2,0,0
BRF:4
BRH:0
end_of_record
TN:
SF:src\cultura365\cultura365.module.ts
FNF:0
FNH:0
DA:1,0
DA:2,0
DA:3,0
DA:4,0
DA:11,0
LF:5
LH:0
BRF:0
BRH:0
end_of_record
TN:
SF:src\cultura365\cultura365.mongodb.ts
FN:8,(anonymous_2)
FN:10,(anonymous_3)
FN:21,(anonymous_4)
FN:29,(anonymous_5)
FN:49,(anonymous_6)
FN:60,(anonymous_7)
FN:74,(anonymous_8)
FNF:7
FNH:0
FNDA:0,(anonymous_2)
FNDA:0,(anonymous_3)
FNDA:0,(anonymous_4)
FNDA:0,(anonymous_5)
FNDA:0,(anonymous_6)
FNDA:0,(anonymous_7)
FNDA:0,(anonymous_8)
DA:1,0
DA:2,0
DA:4,0
DA:7,0
DA:8,0
DA:11,0
DA:12,0
DA:14,0
DA:16,0
DA:18,0
DA:22,0
DA:23,0
DA:24,0
DA:26,0
DA:30,0
DA:31,0
DA:33,0
DA:46,0
DA:50,0
DA:51,0
DA:53,0
DA:57,0
DA:61,0
DA:62,0
DA:64,0
DA:69,0
DA:70,0
DA:75,0
DA:76,0
DA:78,0
DA:84,0
LF:31
LH:0
BRDA:16,0,0,0
BRDA:57,1,0,0
BRDA:57,1,1,0
BRDA:69,2,0,0
BRF:4
BRH:0
end_of_record
TN:
SF:src\decorators\get-user.decorator.ts
FN:9,(anonymous_0)
FNF:1
FNH:0
FNDA:0,(anonymous_0)
DA:1,0
DA:8,0
DA:10,0
DA:12,0
DA:13,0
DA:16,0
LF:6
LH:0
BRDA:12,0,0,0
BRF:1
BRH:0
end_of_record
TN:
SF:src\decorators\getCompleteUser.decorator.ts
FN:9,(anonymous_0)
FNF:1
FNH:0
FNDA:0,(anonymous_0)
DA:1,0
DA:8,0
DA:10,0
DA:12,0
DA:13,0
DA:16,0
LF:6
LH:0
BRDA:12,0,0,0
BRF:1
BRH:0
end_of_record
TN:
SF:src\decorators\role.decorator.ts
FN:3,(anonymous_0)
FNF:1
FNH:0
FNDA:0,(anonymous_0)
DA:1,0
DA:3,0
LF:2
LH:0
BRF:0
BRH:0
end_of_record
TN:
SF:src\dia-personal\dia-personal.class.ts
FN:11,(anonymous_4)
FN:20,(anonymous_5)
FN:42,(anonymous_6)
FN:47,(anonymous_7)
FN:55,(anonymous_8)
FN:59,(anonymous_9)
FN:70,(anonymous_10)
FN:83,(anonymous_11)
FN:89,(anonymous_12)
FN:99,(anonymous_13)
FN:105,(anonymous_14)
FN:14,(anonymous_15)
FNF:12
FNH:0
FNDA:0,(anonymous_4)
FNDA:0,(anonymous_5)
FNDA:0,(anonymous_6)
FNDA:0,(anonymous_7)
FNDA:0,(anonymous_8)
FNDA:0,(anonymous_9)
FNDA:0,(anonymous_10)
FNDA:0,(anonymous_11)
FNDA:0,(anonymous_12)
FNDA:0,(anonymous_13)
FNDA:0,(anonymous_14)
FNDA:0,(anonymous_15)
DA:1,0
DA:2,0
DA:4,0
DA:5,0
DA:6,0
DA:7,0
DA:8,0
DA:10,0
DA:12,0
DA:13,0
DA:14,0
DA:15,0
DA:16,0
DA:21,0
DA:22,0
DA:27,0
DA:30,0
DA:31,0
DA:33,0
DA:37,0
DA:43,0
DA:48,0
DA:56,0
DA:63,0
DA:71,0
DA:74,0
DA:75,0
DA:78,0
DA:79,0
DA:84,0
DA:93,0
DA:100,0
DA:106,0
DA:108,0
DA:112,0
DA:114,0
DA:120,0
DA:122,0
DA:123,0
LF:39
LH:0
BRDA:31,0,0,0
BRDA:74,1,0,0
BRF:2
BRH:0
end_of_record
TN:
SF:src\dia-personal\dia-personal.controller.ts
FN:11,(anonymous_4)
FN:20,(anonymous_5)
FN:55,(anonymous_6)
FN:70,(anonymous_7)
FN:89,(anonymous_8)
FN:126,(anonymous_9)
FN:146,(anonymous_10)
FN:162,(anonymous_11)
FN:217,(anonymous_12)
FNF:9
FNH:0
FNDA:0,(anonymous_4)
FNDA:0,(anonymous_5)
FNDA:0,(anonymous_6)
FNDA:0,(anonymous_7)
FNDA:0,(anonymous_8)
FNDA:0,(anonymous_9)
FNDA:0,(anonymous_10)
FNDA:0,(anonymous_11)
FNDA:0,(anonymous_12)
DA:1,0
DA:2,0
DA:3,0
DA:5,0
DA:6,0
DA:7,0
DA:10,0
DA:12,0
DA:13,0
DA:14,0
DA:20,0
DA:21,0
DA:22,0
DA:23,0
DA:24,0
DA:25,0
DA:28,0
DA:32,0
DA:34,0
DA:40,0
DA:47,0
DA:48,0
DA:55,0
DA:56,0
DA:57,0
DA:62,0
DA:63,0
DA:70,0
DA:71,0
DA:72,0
DA:73,0
DA:80,0
DA:82,0
DA:83,0
DA:89,0
DA:92,0
DA:93,0
DA:96,0
DA:101,0
DA:105,0
DA:106,0
DA:108,0
DA:109,0
DA:110,0
DA:113,0
DA:118,0
DA:119,0
DA:125,0
DA:126,0
DA:127,0
DA:131,0
DA:132,0
DA:133,0
DA:134,0
DA:135,0
DA:136,0
DA:138,0
DA:139,0
DA:146,0
DA:147,0
DA:148,0
DA:150,0
DA:155,0
DA:156,0
DA:162,0
DA:163,0
DA:164,0
DA:166,0
DA:172,0
DA:174,0
DA:177,0
DA:178,0
DA:183,0
DA:187,0
DA:205,0
DA:210,0
DA:211,0
DA:217,0
DA:218,0
DA:219,0
DA:221,0
LF:81
LH:0
BRDA:72,0,0,0
BRDA:72,0,1,0
BRDA:93,1,0,0
BRDA:108,2,0,0
BRDA:110,3,0,0
BRDA:118,4,0,0
BRDA:125,5,0,0
BRDA:131,6,0,0
BRDA:131,6,1,0
BRDA:134,7,0,0
BRDA:134,7,1,0
BRDA:164,8,0,0
BRDA:164,9,0,0
BRDA:164,9,1,0
BRDA:166,10,0,0
BRDA:168,11,0,0
BRDA:168,11,1,0
BRDA:177,12,0,0
BRDA:195,13,0,0
BRDA:195,13,1,0
BRF:20
BRH:0
end_of_record
TN:
SF:src\dia-personal\dia-personal.module.ts
FN:12,(anonymous_1)
FN:13,(anonymous_2)
FNF:2
FNH:0
FNDA:0,(anonymous_1)
FNDA:0,(anonymous_2)
DA:1,0
DA:2,0
DA:3,0
DA:4,0
DA:5,0
DA:6,0
DA:7,0
DA:12,0
DA:13,0
DA:19,0
LF:10
LH:0
BRF:0
BRH:0
end_of_record
TN:
SF:src\dia-personal\dia-personal.mongodb.ts
FN:8,(anonymous_2)
FN:11,(anonymous_3)
FN:24,(anonymous_4)
FN:36,(anonymous_5)
FN:50,(anonymous_6)
FN:62,(anonymous_7)
FN:77,(anonymous_8)
FN:89,(anonymous_9)
FN:111,(anonymous_10)
FN:125,(anonymous_11)
FNF:10
FNH:0
FNDA:0,(anonymous_2)
FNDA:0,(anonymous_3)
FNDA:0,(anonymous_4)
FNDA:0,(anonymous_5)
FNDA:0,(anonymous_6)
FNDA:0,(anonymous_7)
FNDA:0,(anonymous_8)
FNDA:0,(anonymous_9)
FNDA:0,(anonymous_10)
FNDA:0,(anonymous_11)
DA:1,0
DA:2,0
DA:4,0
DA:7,0
DA:8,0
DA:12,0
DA:13,0
DA:15,0
DA:16,0
DA:19,0
DA:20,0
DA:25,0
DA:27,0
DA:28,0
DA:32,0
DA:37,0
DA:39,0
DA:43,0
DA:47,0
DA:51,0
DA:53,0
DA:55,0
DA:59,0
DA:66,0
DA:68,0
DA:69,0
DA:73,0
DA:78,0
DA:80,0
DA:82,0
DA:85,0
DA:90,0
DA:92,0
DA:94,0
DA:106,0
DA:107,0
DA:108,0
DA:114,0
DA:116,0
DA:118,0
DA:122,0
DA:129,0
DA:131,0
DA:133,0
DA:138,0
DA:139,0
DA:141,0
LF:47
LH:0
BRDA:19,0,0,0
BRDA:85,1,0,0
BRDA:85,1,1,0
BRDA:106,2,0,0
BRDA:106,3,0,0
BRDA:106,3,1,0
BRDA:138,4,0,0
BRDA:138,4,1,0
BRF:8
BRH:0
end_of_record
TN:
SF:src\dia-personal\emailDiaPersonal.ts
FN:4,constructEmailContent
FNF:1
FNH:0
FNDA:0,constructEmailContent
DA:2,0
DA:4,0
DA:5,0
DA:6,0
DA:7,0
DA:9,0
DA:12,0
DA:15,0
DA:19,0
LF:9
LH:0
BRF:0
BRH:0
end_of_record
TN:
SF:src\distribucion-mensajes\distribucion-mensajes.class.ts
FN:7,(anonymous_2)
FN:11,(anonymous_3)
FN:19,(anonymous_4)
FN:23,(anonymous_5)
FN:27,(anonymous_6)
FN:31,(anonymous_7)
FN:35,(anonymous_8)
FNF:7
FNH:0
FNDA:0,(anonymous_2)
FNDA:0,(anonymous_3)
FNDA:0,(anonymous_4)
FNDA:0,(anonymous_5)
FNDA:0,(anonymous_6)
FNDA:0,(anonymous_7)
FNDA:0,(anonymous_8)
DA:1,0
DA:2,0
DA:6,0
DA:8,0
DA:12,0
DA:14,0
DA:15,0
DA:20,0
DA:24,0
DA:28,0
DA:32,0
DA:36,0
LF:12
LH:0
BRDA:14,0,0,0
BRF:1
BRH:0
end_of_record
TN:
SF:src\distribucion-mensajes\distribucion-mensajes.controller.ts
FN:9,(anonymous_4)
FN:16,(anonymous_5)
FN:42,(anonymous_6)
FN:53,(anonymous_7)
FN:63,(anonymous_8)
FN:105,(anonymous_9)
FN:114,(anonymous_10)
FNF:7
FNH:0
FNDA:0,(anonymous_4)
FNDA:0,(anonymous_5)
FNDA:0,(anonymous_6)
FNDA:0,(anonymous_7)
FNDA:0,(anonymous_8)
FNDA:0,(anonymous_9)
FNDA:0,(anonymous_10)
DA:1,0
DA:2,0
DA:3,0
DA:4,0
DA:5,0
DA:8,0
DA:10,0
DA:11,0
DA:16,0
DA:17,0
DA:18,0
DA:21,0
DA:23,0
DA:24,0
DA:26,0
DA:27,0
DA:29,0
DA:30,0
DA:35,0
DA:36,0
DA:42,0
DA:43,0
DA:44,0
DA:53,0
DA:54,0
DA:55,0
DA:63,0
DA:64,0
DA:65,0
DA:66,0
DA:67,0
DA:68,0
DA:73,0
DA:85,0
DA:91,0
DA:95,0
DA:105,0
DA:106,0
DA:114,0
DA:115,0
DA:116,0
DA:120,0
DA:121,0
DA:127,0
DA:128,0
LF:45
LH:0
BRDA:65,0,0,0
BRDA:65,0,1,0
BRDA:67,1,0,0
BRDA:67,1,1,0
BRDA:120,2,0,0
BRF:5
BRH:0
end_of_record
TN:
SF:src\distribucion-mensajes\distribucion-mensajes.module.ts
FNF:0
FNH:0
DA:1,0
DA:2,0
DA:3,0
DA:4,0
DA:5,0
DA:12,0
LF:6
LH:0
BRF:0
BRH:0
end_of_record
TN:
SF:src\distribucion-mensajes\distribucion-mensajes.mongodb.ts
FN:9,(anonymous_2)
FN:11,(anonymous_3)
FN:24,(anonymous_4)
FN:35,(anonymous_5)
FN:44,(anonymous_6)
FN:61,(anonymous_7)
FN:74,(anonymous_8)
FNF:7
FNH:0
FNDA:0,(anonymous_2)
FNDA:0,(anonymous_3)
FNDA:0,(anonymous_4)
FNDA:0,(anonymous_5)
FNDA:0,(anonymous_6)
FNDA:0,(anonymous_7)
FNDA:0,(anonymous_8)
DA:1,0
DA:2,0
DA:4,0
DA:5,0
DA:8,0
DA:9,0
DA:12,0
DA:13,0
DA:17,0
DA:19,0
DA:21,0
DA:25,0
DA:26,0
DA:30,0
DA:32,0
DA:36,0
DA:37,0
DA:41,0
DA:45,0
DA:46,0
DA:49,0
DA:62,0
DA:63,0
DA:67,0
DA:71,0
DA:75,0
DA:76,0
DA:81,0
DA:83,0
DA:84,0
DA:88,0
DA:89,0
DA:92,0
DA:93,0
DA:96,0
DA:97,0
DA:98,0
DA:100,0
DA:101,0
DA:113,0
LF:40
LH:0
BRDA:19,0,0,0
BRDA:71,1,0,0
BRDA:71,1,1,0
BRDA:83,2,0,0
BRDA:88,3,0,0
BRDA:92,4,0,0
BRDA:100,5,0,0
BRDA:100,5,1,0
BRDA:100,6,0,0
BRDA:100,6,1,0
BRF:10
BRH:0
end_of_record
TN:
SF:src\email\email.class.ts
FN:13,(anonymous_2)
FN:27,(anonymous_3)
FN:58,(anonymous_4)
FN:72,(anonymous_5)
FN:95,(anonymous_6)
FN:191,(anonymous_7)
FN:328,(anonymous_8)
FN:358,(anonymous_9)
FNF:8
FNH:0
FNDA:0,(anonymous_2)
FNDA:0,(anonymous_3)
FNDA:0,(anonymous_4)
FNDA:0,(anonymous_5)
FNDA:0,(anonymous_6)
FNDA:0,(anonymous_7)
FNDA:0,(anonymous_8)
FNDA:0,(anonymous_9)
DA:1,0
DA:2,0
DA:3,0
DA:4,0
DA:5,0
DA:6,0
DA:9,0
DA:13,0
DA:14,0
DA:24,0
DA:33,0
DA:34,0
DA:42,0
DA:43,0
DA:51,0
DA:52,0
DA:54,0
DA:59,0
DA:61,0
DA:82,0
DA:83,0
DA:84,0
DA:85,0
DA:90,0
DA:92,0
DA:96,0
DA:192,0
DA:332,0
DA:334,0
DA:337,0
DA:338,0
DA:340,0
DA:341,0
DA:345,0
DA:348,0
DA:349,0
DA:351,0
DA:353,0
DA:354,0
DA:365,0
DA:366,0
DA:368,0
DA:382,0
DA:384,0
DA:385,0
LF:45
LH:0
BRDA:33,0,0,0
BRDA:33,0,1,0
BRDA:33,1,0,0
BRDA:33,1,1,0
BRDA:33,1,2,0
BRDA:42,2,0,0
BRDA:83,3,0,0
BRDA:83,3,1,0
BRDA:87,4,0,0
BRDA:87,4,1,0
BRDA:362,5,0,0
BRDA:363,6,0,0
BRF:12
BRH:0
end_of_record
TN:
SF:src\email\email.module.ts
FNF:0
FNH:0
DA:1,0
DA:2,0
DA:8,0
LF:3
LH:0
BRF:0
BRH:0
end_of_record
TN:
SF:src\empresa\empresa.controller.ts
FN:12,(anonymous_4)
FN:16,(anonymous_5)
FN:22,(anonymous_6)
FN:28,(anonymous_7)
FN:34,(anonymous_8)
FNF:5
FNH:0
FNDA:0,(anonymous_4)
FNDA:0,(anonymous_5)
FNDA:0,(anonymous_6)
FNDA:0,(anonymous_7)
FNDA:0,(anonymous_8)
DA:1,0
DA:2,0
DA:3,0
DA:8,0
DA:11,0
DA:12,0
DA:16,0
DA:17,0
DA:22,0
DA:23,0
DA:28,0
DA:29,0
DA:34,0
DA:35,0
LF:14
LH:0
BRF:0
BRH:0
end_of_record
TN:
SF:src\empresa\empresa.dto.ts
FNF:0
FNH:0
DA:1,0
DA:3,0
DA:4,0
DA:7,0
DA:10,0
DA:15,0
DA:16,0
DA:19,0
DA:22,0
DA:25,0
DA:30,0
DA:31,0
LF:12
LH:0
BRF:0
BRH:0
end_of_record
TN:
SF:src\empresa\empresa.module.ts
FNF:0
FNH:0
DA:1,0
DA:2,0
DA:3,0
DA:9,0
LF:4
LH:0
BRF:0
BRH:0
end_of_record
TN:
SF:src\empresa\empresa.service.ts
FN:11,(anonymous_2)
FN:13,(anonymous_3)
FN:32,(anonymous_4)
FN:51,(anonymous_5)
FN:55,(anonymous_6)
FNF:5
FNH:0
FNDA:0,(anonymous_2)
FNDA:0,(anonymous_3)
FNDA:0,(anonymous_4)
FNDA:0,(anonymous_5)
FNDA:0,(anonymous_6)
DA:1,0
DA:7,0
DA:10,0
DA:11,0
DA:14,0
DA:15,0
DA:25,0
DA:27,0
DA:28,0
DA:33,0
DA:34,0
DA:44,0
DA:46,0
DA:47,0
DA:52,0
DA:56,0
DA:57,0
DA:61,0
DA:62,0
LF:19
LH:0
BRDA:39,0,0,0
BRDA:39,0,1,0
BRF:2
BRH:0
end_of_record
TN:
SF:src\encargos\encargos.controller.ts
FN:8,(anonymous_4)
FN:12,(anonymous_5)
FN:23,(anonymous_6)
FN:33,(anonymous_7)
FN:43,(anonymous_8)
FNF:5
FNH:0
FNDA:0,(anonymous_4)
FNDA:0,(anonymous_5)
FNDA:0,(anonymous_6)
FNDA:0,(anonymous_7)
FNDA:0,(anonymous_8)
DA:1,0
DA:3,0
DA:4,0
DA:7,0
DA:8,0
DA:12,0
DA:13,0
DA:14,0
DA:16,0
DA:17,0
DA:23,0
DA:24,0
DA:25,0
DA:27,0
DA:33,0
DA:34,0
DA:35,0
DA:37,0
DA:43,0
DA:44,0
DA:45,0
DA:47,0
LF:22
LH:0
BRF:0
BRH:0
end_of_record
TN:
SF:src\encargos\encargos.module.ts
FNF:0
FNH:0
DA:1,0
DA:2,0
DA:3,0
DA:4,0
DA:11,0
LF:5
LH:0
BRF:0
BRH:0
end_of_record
TN:
SF:src\encargos\encargos.mongodb.ts
FN:8,(anonymous_2)
FN:10,(anonymous_3)
FN:20,(anonymous_4)
FN:27,(anonymous_5)
FN:46,(anonymous_6)
FNF:5
FNH:0
FNDA:0,(anonymous_2)
FNDA:0,(anonymous_3)
FNDA:0,(anonymous_4)
FNDA:0,(anonymous_5)
FNDA:0,(anonymous_6)
DA:1,0
DA:2,0
DA:4,0
DA:7,0
DA:8,0
DA:11,0
DA:12,0
DA:14,0
DA:16,0
DA:17,0
DA:21,0
DA:22,0
DA:24,0
DA:28,0
DA:29,0
DA:31,0
DA:43,0
DA:47,0
DA:48,0
DA:49,0
LF:20
LH:0
BRDA:16,0,0,0
BRF:1
BRH:0
end_of_record
TN:
SF:src\encargos\encargos.service.ts
FN:8,(anonymous_2)
FN:10,(anonymous_3)
FN:19,(anonymous_4)
FN:25,(anonymous_5)
FN:31,(anonymous_6)
FNF:5
FNH:0
FNDA:0,(anonymous_2)
FNDA:0,(anonymous_3)
FNDA:0,(anonymous_4)
FNDA:0,(anonymous_5)
FNDA:0,(anonymous_6)
DA:1,0
DA:2,0
DA:3,0
DA:7,0
DA:8,0
DA:11,0
DA:12,0
DA:16,0
DA:20,0
DA:21,0
DA:22,0
DA:26,0
DA:27,0
DA:28,0
DA:32,0
LF:15
LH:0
BRDA:11,0,0,0
BRDA:20,1,0,0
BRDA:20,1,1,0
BRDA:26,2,0,0
BRDA:26,2,1,0
BRF:5
BRH:0
end_of_record
TN:
SF:src\evaluaciones\evaluaciones.class.ts
FN:10,(anonymous_2)
FN:12,(anonymous_3)
FN:20,(anonymous_4)
FN:27,(anonymous_5)
FN:35,(anonymous_6)
FN:46,(anonymous_7)
FN:54,(anonymous_8)
FN:61,(anonymous_9)
FN:65,(anonymous_10)
FN:73,(anonymous_11)
FN:81,(anonymous_12)
FN:93,(anonymous_13)
FN:101,(anonymous_14)
FN:111,(anonymous_15)
FN:119,(anonymous_16)
FN:127,(anonymous_17)
FNF:16
FNH:0
FNDA:0,(anonymous_2)
FNDA:0,(anonymous_3)
FNDA:0,(anonymous_4)
FNDA:0,(anonymous_5)
FNDA:0,(anonymous_6)
FNDA:0,(anonymous_7)
FNDA:0,(anonymous_8)
FNDA:0,(anonymous_9)
FNDA:0,(anonymous_10)
FNDA:0,(anonymous_11)
FNDA:0,(anonymous_12)
FNDA:0,(anonymous_13)
FNDA:0,(anonymous_14)
FNDA:0,(anonymous_15)
FNDA:0,(anonymous_16)
FNDA:0,(anonymous_17)
DA:1,0
DA:2,0
DA:9,0
DA:10,0
DA:13,0
DA:15,0
DA:16,0
DA:21,0
DA:23,0
DA:24,0
DA:28,0
DA:30,0
DA:31,0
DA:36,0
DA:41,0
DA:42,0
DA:47,0
DA:49,0
DA:50,0
DA:55,0
DA:56,0
DA:57,0
DA:62,0
DA:66,0
DA:68,0
DA:69,0
DA:74,0
DA:76,0
DA:77,0
DA:82,0
DA:87,0
DA:88,0
DA:94,0
DA:96,0
DA:97,0
DA:102,0
DA:106,0
DA:107,0
DA:112,0
DA:114,0
DA:115,0
DA:120,0
DA:122,0
DA:123,0
DA:128,0
DA:132,0
DA:133,0
LF:47
LH:0
BRDA:15,0,0,0
BRDA:23,1,0,0
BRDA:30,2,0,0
BRDA:41,3,0,0
BRDA:49,4,0,0
BRDA:56,5,0,0
BRDA:68,6,0,0
BRDA:76,7,0,0
BRDA:87,8,0,0
BRDA:96,9,0,0
BRDA:106,10,0,0
BRDA:114,11,0,0
BRDA:122,12,0,0
BRDA:132,13,0,0
BRF:14
BRH:0
end_of_record
TN:
SF:src\evaluaciones\evaluaciones.controller.ts
FN:17,(anonymous_4)
FN:25,(anonymous_5)
FN:43,(anonymous_6)
FN:58,(anonymous_7)
FN:72,(anonymous_8)
FN:90,(anonymous_9)
FN:106,(anonymous_10)
FN:145,(anonymous_11)
FN:167,(anonymous_12)
FN:184,(anonymous_13)
FN:201,(anonymous_14)
FN:217,(anonymous_15)
FN:235,(anonymous_16)
FN:248,(anonymous_17)
FN:265,(anonymous_18)
FNF:15
FNH:0
FNDA:0,(anonymous_4)
FNDA:0,(anonymous_5)
FNDA:0,(anonymous_6)
FNDA:0,(anonymous_7)
FNDA:0,(anonymous_8)
FNDA:0,(anonymous_9)
FNDA:0,(anonymous_10)
FNDA:0,(anonymous_11)
FNDA:0,(anonymous_12)
FNDA:0,(anonymous_13)
FNDA:0,(anonymous_14)
FNDA:0,(anonymous_15)
FNDA:0,(anonymous_16)
FNDA:0,(anonymous_17)
FNDA:0,(anonymous_18)
DA:1,0
DA:2,0
DA:3,0
DA:4,0
DA:8,0
DA:9,0
DA:11,0
DA:12,0
DA:13,0
DA:16,0
DA:18,0
DA:19,0
DA:20,0
DA:25,0
DA:26,0
DA:27,0
DA:29,0
DA:30,0
DA:34,0
DA:36,0
DA:43,0
DA:44,0
DA:45,0
DA:46,0
DA:47,0
DA:58,0
DA:59,0
DA:60,0
DA:61,0
DA:62,0
DA:72,0
DA:73,0
DA:75,0
DA:79,0
DA:80,0
DA:90,0
DA:91,0
DA:92,0
DA:94,0
DA:95,0
DA:106,0
DA:110,0
DA:111,0
DA:114,0
DA:115,0
DA:117,0
DA:118,0
DA:120,0
DA:123,0
DA:126,0
DA:131,0
DA:136,0
DA:138,0
DA:139,0
DA:145,0
DA:149,0
DA:151,0
DA:157,0
DA:158,0
DA:167,0
DA:168,0
DA:169,0
DA:173,0
DA:174,0
DA:184,0
DA:185,0
DA:186,0
DA:190,0
DA:191,0
DA:201,0
DA:202,0
DA:203,0
DA:204,0
DA:205,0
DA:209,0
DA:211,0
DA:217,0
DA:220,0
DA:221,0
DA:224,0
DA:225,0
DA:235,0
DA:236,0
DA:238,0
DA:239,0
DA:248,0
DA:249,0
DA:250,0
DA:254,0
DA:255,0
DA:265,0
DA:266,0
DA:267,0
DA:272,0
DA:273,0
LF:95
LH:0
BRDA:29,0,0,0
BRDA:29,0,1,0
BRDA:46,1,0,0
BRDA:61,2,0,0
BRDA:79,3,0,0
BRDA:94,4,0,0
BRDA:114,5,0,0
BRDA:118,6,0,0
BRDA:123,7,0,0
BRDA:123,7,1,0
BRDA:123,8,0,0
BRDA:123,8,1,0
BRDA:123,9,0,0
BRDA:123,9,1,0
BRDA:157,10,0,0
BRDA:173,11,0,0
BRDA:190,12,0,0
BRDA:204,13,0,0
BRDA:204,13,1,0
BRDA:224,14,0,0
BRDA:238,15,0,0
BRDA:254,16,0,0
BRDA:272,17,0,0
BRF:23
BRH:0
end_of_record
TN:
SF:src\evaluaciones\evaluaciones.dto.ts
FN:180,(anonymous_2)
FN:184,(anonymous_3)
FN:189,(anonymous_4)
FN:196,(anonymous_5)
FN:202,(anonymous_6)
FN:206,(anonymous_7)
FN:210,(anonymous_8)
FN:251,(anonymous_9)
FN:255,(anonymous_10)
FN:259,(anonymous_11)
FN:267,(anonymous_12)
FN:272,(anonymous_13)
FN:276,(anonymous_14)
FN:280,(anonymous_15)
FN:317,(anonymous_16)
FN:322,(anonymous_17)
FN:326,(anonymous_18)
FN:334,(anonymous_19)
FN:339,(anonymous_20)
FN:344,(anonymous_21)
FN:349,(anonymous_22)
FN:388,(anonymous_23)
FN:393,(anonymous_24)
FN:397,(anonymous_25)
FN:405,(anonymous_26)
FN:410,(anonymous_27)
FN:415,(anonymous_28)
FN:420,(anonymous_29)
FNF:28
FNH:0
FNDA:0,(anonymous_2)
FNDA:0,(anonymous_3)
FNDA:0,(anonymous_4)
FNDA:0,(anonymous_5)
FNDA:0,(anonymous_6)
FNDA:0,(anonymous_7)
FNDA:0,(anonymous_8)
FNDA:0,(anonymous_9)
FNDA:0,(anonymous_10)
FNDA:0,(anonymous_11)
FNDA:0,(anonymous_12)
FNDA:0,(anonymous_13)
FNDA:0,(anonymous_14)
FNDA:0,(anonymous_15)
FNDA:0,(anonymous_16)
FNDA:0,(anonymous_17)
FNDA:0,(anonymous_18)
FNDA:0,(anonymous_19)
FNDA:0,(anonymous_20)
FNDA:0,(anonymous_21)
FNDA:0,(anonymous_22)
FNDA:0,(anonymous_23)
FNDA:0,(anonymous_24)
FNDA:0,(anonymous_25)
FNDA:0,(anonymous_26)
FNDA:0,(anonymous_27)
FNDA:0,(anonymous_28)
FNDA:0,(anonymous_29)
DA:1,0
DA:10,0
DA:13,0
DA:16,0
DA:19,0
DA:22,0
DA:25,0
DA:28,0
DA:31,0
DA:34,0
DA:37,0
DA:42,0
DA:46,0
DA:50,0
DA:53,0
DA:57,0
DA:61,0
DA:67,0
DA:71,0
DA:75,0
DA:78,0
DA:81,0
DA:87,0
DA:91,0
DA:94,0
DA:105,0
DA:107,0
DA:112,0
DA:114,0
DA:116,0
DA:121,0
DA:125,0
DA:129,0
DA:133,0
DA:145,0
DA:149,0
DA:153,0
DA:158,0
DA:159,0
DA:163,0
DA:167,0
DA:171,0
DA:175,0
DA:179,0
DA:180,0
DA:183,0
DA:184,0
DA:188,0
DA:189,0
DA:192,0
DA:195,0
DA:196,0
DA:200,0
DA:202,0
DA:205,0
DA:206,0
DA:209,0
DA:210,0
DA:213,0
DA:217,0
DA:220,0
DA:223,0
DA:228,0
DA:229,0
DA:233,0
DA:237,0
DA:241,0
DA:245,0
DA:249,0
DA:251,0
DA:254,0
DA:255,0
DA:258,0
DA:259,0
DA:262,0
DA:265,0
DA:267,0
DA:270,0
DA:272,0
DA:275,0
DA:276,0
DA:279,0
DA:280,0
DA:283,0
DA:287,0
DA:290,0
DA:293,0
DA:298,0
DA:299,0
DA:303,0
DA:307,0
DA:311,0
DA:315,0
DA:317,0
DA:320,0
DA:322,0
DA:325,0
DA:326,0
DA:329,0
DA:332,0
DA:334,0
DA:337,0
DA:339,0
DA:342,0
DA:344,0
DA:347,0
DA:349,0
DA:352,0
DA:356,0
DA:360,0
DA:364,0
DA:369,0
DA:370,0
DA:374,0
DA:378,0
DA:382,0
DA:386,0
DA:388,0
DA:391,0
DA:393,0
DA:396,0
DA:397,0
DA:400,0
DA:403,0
DA:405,0
DA:408,0
DA:410,0
DA:413,0
DA:415,0
DA:418,0
DA:420,0
DA:423,0
DA:427,0
DA:431,0
DA:435,0
LF:135
LH:0
BRF:0
BRH:0
end_of_record
TN:
SF:src\evaluaciones\evaluaciones.module.ts
FN:8,(anonymous_1)
FNF:1
FNH:0
FNDA:0,(anonymous_1)
DA:1,0
DA:2,0
DA:3,0
DA:4,0
DA:5,0
DA:8,0
DA:13,0
LF:7
LH:0
BRF:0
BRH:0
end_of_record
TN:
SF:src\evaluaciones\evaluaciones.mongodb.ts
FN:13,(anonymous_2)
FN:15,(anonymous_3)
FN:26,(anonymous_4)
FN:35,(anonymous_5)
FN:44,(anonymous_6)
FN:59,(anonymous_7)
FN:69,(anonymous_8)
FN:79,(anonymous_9)
FN:90,(anonymous_10)
FN:101,(anonymous_11)
FN:117,(anonymous_12)
FN:134,(anonymous_13)
FN:146,(anonymous_14)
FN:155,(anonymous_15)
FN:165,(anonymous_16)
FN:180,(anonymous_17)
FNF:16
FNH:0
FNDA:0,(anonymous_2)
FNDA:0,(anonymous_3)
FNDA:0,(anonymous_4)
FNDA:0,(anonymous_5)
FNDA:0,(anonymous_6)
FNDA:0,(anonymous_7)
FNDA:0,(anonymous_8)
FNDA:0,(anonymous_9)
FNDA:0,(anonymous_10)
FNDA:0,(anonymous_11)
FNDA:0,(anonymous_12)
FNDA:0,(anonymous_13)
FNDA:0,(anonymous_14)
FNDA:0,(anonymous_15)
FNDA:0,(anonymous_16)
FNDA:0,(anonymous_17)
DA:1,0
DA:2,0
DA:9,0
DA:12,0
DA:13,0
DA:16,0
DA:18,0
DA:20,0
DA:22,0
DA:24,0
DA:27,0
DA:29,0
DA:30,0
DA:32,0
DA:36,0
DA:38,0
DA:39,0
DA:41,0
DA:45,0
DA:46,0
DA:49,0
DA:54,0
DA:56,0
DA:60,0
DA:61,0
DA:64,0
DA:66,0
DA:70,0
DA:72,0
DA:73,0
DA:76,0
DA:80,0
DA:82,0
DA:83,0
DA:87,0
DA:91,0
DA:92,0
DA:96,0
DA:98,0
DA:102,0
DA:103,0
DA:107,0
DA:112,0
DA:114,0
DA:118,0
DA:119,0
DA:123,0
DA:128,0
DA:130,0
DA:135,0
DA:136,0
DA:138,0
DA:140,0
DA:142,0
DA:147,0
DA:148,0
DA:149,0
DA:151,0
DA:156,0
DA:157,0
DA:159,0
DA:161,0
DA:166,0
DA:168,0
DA:170,0
DA:175,0
DA:177,0
DA:181,0
DA:182,0
DA:185,0
DA:196,0
DA:197,0
LF:72
LH:0
BRDA:22,0,0,0
BRDA:87,1,0,0
BRDA:87,1,1,0
BRDA:140,2,0,0
BRDA:196,3,0,0
BRDA:196,4,0,0
BRDA:196,4,1,0
BRF:7
BRH:0
end_of_record
TN:
SF:src\fichajes-bc\fichajes.class.ts
FN:12,(anonymous_2)
FN:18,(anonymous_3)
FN:41,(anonymous_4)
FN:64,(anonymous_5)
FN:85,(anonymous_6)
FN:103,(anonymous_7)
FN:120,(anonymous_8)
FN:124,(anonymous_9)
FN:173,(anonymous_10)
FN:212,(anonymous_11)
FN:217,(anonymous_12)
FN:226,(anonymous_13)
FN:276,(anonymous_14)
FN:280,(anonymous_15)
FN:284,(anonymous_16)
FN:292,(anonymous_17)
FN:304,(anonymous_18)
FN:309,(anonymous_19)
FN:311,(anonymous_20)
FN:338,(anonymous_21)
FN:364,(anonymous_22)
FN:394,(anonymous_23)
FN:395,(anonymous_24)
FN:402,(anonymous_25)
FN:410,(anonymous_26)
FN:425,(anonymous_27)
FN:447,(anonymous_28)
FN:503,(anonymous_29)
FN:527,(anonymous_30)
FN:531,(anonymous_31)
FN:535,(anonymous_32)
FN:547,(anonymous_33)
FN:551,(anonymous_34)
FNF:33
FNH:0
FNDA:0,(anonymous_2)
FNDA:0,(anonymous_3)
FNDA:0,(anonymous_4)
FNDA:0,(anonymous_5)
FNDA:0,(anonymous_6)
FNDA:0,(anonymous_7)
FNDA:0,(anonymous_8)
FNDA:0,(anonymous_9)
FNDA:0,(anonymous_10)
FNDA:0,(anonymous_11)
FNDA:0,(anonymous_12)
FNDA:0,(anonymous_13)
FNDA:0,(anonymous_14)
FNDA:0,(anonymous_15)
FNDA:0,(anonymous_16)
FNDA:0,(anonymous_17)
FNDA:0,(anonymous_18)
FNDA:0,(anonymous_19)
FNDA:0,(anonymous_20)
FNDA:0,(anonymous_21)
FNDA:0,(anonymous_22)
FNDA:0,(anonymous_23)
FNDA:0,(anonymous_24)
FNDA:0,(anonymous_25)
FNDA:0,(anonymous_26)
FNDA:0,(anonymous_27)
FNDA:0,(anonymous_28)
FNDA:0,(anonymous_29)
FNDA:0,(anonymous_30)
FNDA:0,(anonymous_31)
FNDA:0,(anonymous_32)
FNDA:0,(anonymous_33)
FNDA:0,(anonymous_34)
DA:1,0
DA:2,0
DA:3,0
DA:5,0
DA:7,0
DA:8,0
DA:11,0
DA:13,0
DA:14,0
DA:15,0
DA:23,0
DA:25,0
DA:35,0
DA:36,0
DA:46,0
DA:48,0
DA:58,0
DA:59,0
DA:68,0
DA:74,0
DA:75,0
DA:76,0
DA:80,0
DA:86,0
DA:88,0
DA:96,0
DA:97,0
DA:100,0
DA:104,0
DA:106,0
DA:114,0
DA:115,0
DA:121,0
DA:122,0
DA:123,0
DA:124,0
DA:127,0
DA:128,0
DA:137,0
DA:141,0
DA:150,0
DA:151,0
DA:160,0
DA:161,0
DA:170,0
DA:178,0
DA:184,0
DA:186,0
DA:187,0
DA:188,0
DA:194,0
DA:195,0
DA:196,0
DA:197,0
DA:198,0
DA:202,0
DA:203,0
DA:209,0
DA:213,0
DA:214,0
DA:218,0
DA:219,0
DA:220,0
DA:223,0
DA:227,0
DA:229,0
DA:230,0
DA:232,0
DA:233,0
DA:239,0
DA:240,0
DA:252,0
DA:253,0
DA:268,0
DA:269,0
DA:270,0
DA:273,0
DA:277,0
DA:281,0
DA:285,0
DA:297,0
DA:305,0
DA:310,0
DA:311,0
DA:313,0
DA:315,0
DA:316,0
DA:318,0
DA:319,0
DA:323,0
DA:326,0
DA:330,0
DA:334,0
DA:342,0
DA:346,0
DA:350,0
DA:368,0
DA:374,0
DA:375,0
DA:376,0
DA:377,0
DA:379,0
DA:380,0
DA:383,0
DA:388,0
DA:395,0
DA:396,0
DA:397,0
DA:398,0
DA:405,0
DA:407,0
DA:408,0
DA:409,0
DA:410,0
DA:416,0
DA:417,0
DA:418,0
DA:421,0
DA:429,0
DA:430,0
DA:434,0
DA:435,0
DA:440,0
DA:444,0
DA:448,0
DA:450,0
DA:452,0
DA:453,0
DA:454,0
DA:459,0
DA:460,0
DA:469,0
DA:474,0
DA:479,0
DA:500,0
DA:504,0
DA:508,0
DA:510,0
DA:511,0
DA:512,0
DA:516,0
DA:517,0
DA:518,0
DA:523,0
DA:528,0
DA:532,0
DA:537,0
DA:538,0
DA:539,0
DA:542,0
DA:544,0
DA:548,0
DA:552,0
DA:553,0
DA:554,0
DA:556,0
LF:156
LH:0
BRDA:35,0,0,0
BRDA:58,1,0,0
BRDA:75,2,0,0
BRDA:96,3,0,0
BRDA:114,4,0,0
BRDA:127,5,0,0
BRDA:127,5,1,0
BRDA:130,6,0,0
BRDA:130,6,1,0
BRDA:133,7,0,0
BRDA:133,7,1,0
BRDA:137,8,0,0
BRDA:137,8,1,0
BRDA:138,9,0,0
BRDA:138,9,1,0
BRDA:143,10,0,0
BRDA:143,10,1,0
BRDA:146,11,0,0
BRDA:146,11,1,0
BRDA:150,12,0,0
BRDA:150,12,1,0
BRDA:153,13,0,0
BRDA:153,13,1,0
BRDA:156,14,0,0
BRDA:156,14,1,0
BRDA:160,15,0,0
BRDA:160,15,1,0
BRDA:163,16,0,0
BRDA:163,16,1,0
BRDA:166,17,0,0
BRDA:166,17,1,0
BRDA:187,18,0,0
BRDA:195,19,0,0
BRDA:202,20,0,0
BRDA:219,21,0,0
BRDA:220,22,0,0
BRDA:220,22,1,0
BRDA:239,23,0,0
BRDA:239,23,1,0
BRDA:252,24,0,0
BRDA:268,25,0,0
BRDA:268,25,1,0
BRDA:315,26,0,0
BRDA:315,27,0,0
BRDA:315,27,1,0
BRDA:319,28,0,0
BRDA:320,29,0,0
BRDA:320,29,1,0
BRDA:321,30,0,0
BRDA:321,30,1,0
BRDA:321,31,0,0
BRDA:321,31,1,0
BRDA:326,32,0,0
BRDA:327,33,0,0
BRDA:327,33,1,0
BRDA:374,34,0,0
BRDA:374,34,1,0
BRDA:379,35,0,0
BRDA:396,36,0,0
BRDA:397,37,0,0
BRDA:430,38,0,0
BRDA:431,39,0,0
BRDA:431,39,1,0
BRDA:435,40,0,0
BRDA:436,41,0,0
BRDA:436,41,1,0
BRDA:436,41,2,0
BRDA:453,42,0,0
BRDA:459,43,0,0
BRDA:459,43,1,0
BRDA:474,44,0,0
BRDA:475,45,0,0
BRDA:475,45,1,0
BRDA:475,45,2,0
BRDA:516,46,0,0
BRDA:517,47,0,0
BRDA:556,48,0,0
BRDA:556,48,1,0
BRF:78
BRH:0
end_of_record
TN:
SF:src\fichajes-bc\fichajes.controller.ts
FN:14,(anonymous_4)
FN:22,(anonymous_5)
FN:40,(anonymous_6)
FN:57,(anonymous_7)
FN:83,(anonymous_8)
FN:98,(anonymous_9)
FN:107,(anonymous_10)
FN:128,(anonymous_11)
FN:140,(anonymous_12)
FN:153,(anonymous_13)
FN:166,(anonymous_14)
FN:191,(anonymous_15)
FN:213,(anonymous_16)
FN:239,(anonymous_17)
FN:259,(anonymous_18)
FN:268,(anonymous_19)
FN:274,(anonymous_20)
FN:292,(anonymous_21)
FN:315,(anonymous_22)
FN:317,(anonymous_23)
FN:322,(anonymous_24)
FN:330,(anonymous_25)
FN:346,(anonymous_26)
FN:349,(anonymous_27)
FNF:24
FNH:0
FNDA:0,(anonymous_4)
FNDA:0,(anonymous_5)
FNDA:0,(anonymous_6)
FNDA:0,(anonymous_7)
FNDA:0,(anonymous_8)
FNDA:0,(anonymous_9)
FNDA:0,(anonymous_10)
FNDA:0,(anonymous_11)
FNDA:0,(anonymous_12)
FNDA:0,(anonymous_13)
FNDA:0,(anonymous_14)
FNDA:0,(anonymous_15)
FNDA:0,(anonymous_16)
FNDA:0,(anonymous_17)
FNDA:0,(anonymous_18)
FNDA:0,(anonymous_19)
FNDA:0,(anonymous_20)
FNDA:0,(anonymous_21)
FNDA:0,(anonymous_22)
FNDA:0,(anonymous_23)
FNDA:0,(anonymous_24)
FNDA:0,(anonymous_25)
FNDA:0,(anonymous_26)
FNDA:0,(anonymous_27)
DA:1,0
DA:2,0
DA:3,0
DA:4,0
DA:5,0
DA:6,0
DA:7,0
DA:8,0
DA:9,0
DA:10,0
DA:13,0
DA:15,0
DA:16,0
DA:17,0
DA:22,0
DA:27,0
DA:29,0
DA:35,0
DA:40,0
DA:45,0
DA:47,0
DA:52,0
DA:57,0
DA:59,0
DA:65,0
DA:69,0
DA:74,0
DA:83,0
DA:85,0
DA:88,0
DA:93,0
DA:98,0
DA:99,0
DA:100,0
DA:102,0
DA:107,0
DA:108,0
DA:109,0
DA:111,0
DA:113,0
DA:118,0
DA:120,0
DA:123,0
DA:128,0
DA:129,0
DA:130,0
DA:131,0
DA:133,0
DA:134,0
DA:140,0
DA:141,0
DA:142,0
DA:147,0
DA:148,0
DA:153,0
DA:154,0
DA:155,0
DA:160,0
DA:166,0
DA:169,0
DA:170,0
DA:172,0
DA:174,0
DA:179,0
DA:184,0
DA:185,0
DA:191,0
DA:192,0
DA:196,0
DA:200,0
DA:201,0
DA:204,0
DA:206,0
DA:207,0
DA:213,0
DA:217,0
DA:218,0
DA:220,0
DA:221,0
DA:223,0
DA:232,0
DA:233,0
DA:239,0
DA:240,0
DA:242,0
DA:243,0
DA:247,0
DA:252,0
DA:253,0
DA:259,0
DA:260,0
DA:268,0
DA:269,0
DA:274,0
DA:275,0
DA:276,0
DA:278,0
DA:280,0
DA:285,0
DA:286,0
DA:292,0
DA:293,0
DA:294,0
DA:295,0
DA:297,0
DA:298,0
DA:301,0
DA:311,0
DA:314,0
DA:316,0
DA:317,0
DA:321,0
DA:323,0
DA:324,0
DA:329,0
DA:331,0
DA:332,0
DA:335,0
DA:339,0
DA:345,0
DA:346,0
DA:348,0
DA:349,0
DA:353,0
DA:354,0
DA:363,0
DA:364,0
DA:374,0
DA:376,0
DA:377,0
LF:130
LH:0
BRDA:170,0,0,0
BRDA:170,1,0,0
BRDA:170,1,1,0
BRDA:172,2,0,0
BRDA:172,2,1,0
BRDA:200,3,0,0
BRDA:218,4,0,0
BRDA:218,5,0,0
BRDA:218,5,1,0
BRDA:242,6,0,0
BRDA:242,6,1,0
BRDA:276,7,0,0
BRDA:316,8,0,0
BRDA:316,8,1,0
BRDA:331,9,0,0
BRDA:331,10,0,0
BRDA:331,10,1,0
BRDA:353,11,0,0
BRDA:353,12,0,0
BRDA:353,12,1,0
BRDA:363,13,0,0
BRDA:363,14,0,0
BRDA:363,14,1,0
BRDA:363,14,2,0
BRF:24
BRH:0
end_of_record
TN:
SF:src\fichajes-bc\fichajes.dto.ts
FN:10,(anonymous_2)
FNF:1
FNH:0
FNDA:0,(anonymous_2)
DA:1,0
DA:2,0
DA:4,0
DA:5,0
DA:9,0
DA:10,0
LF:6
LH:0
BRF:0
BRH:0
end_of_record
TN:
SF:src\fichajes-bc\fichajes.module.ts
FNF:0
FNH:0
DA:1,0
DA:2,0
DA:3,0
DA:4,0
DA:5,0
DA:6,0
DA:7,0
DA:8,0
DA:21,0
LF:9
LH:0
BRF:0
BRH:0
end_of_record
TN:
SF:src\fichajes-bc\fichajes.mongodb.ts
FN:13,(anonymous_2)
FN:18,(anonymous_3)
FN:48,(anonymous_4)
FN:78,(anonymous_5)
FN:102,(anonymous_6)
FN:126,(anonymous_7)
FN:148,(anonymous_8)
FN:155,(anonymous_9)
FN:221,(anonymous_10)
FN:258,(anonymous_11)
FN:280,(anonymous_12)
FN:287,(anonymous_13)
FN:298,(anonymous_14)
FN:309,(anonymous_15)
FN:319,(anonymous_16)
FN:335,(anonymous_17)
FN:355,(anonymous_18)
FN:378,(anonymous_19)
FN:401,(anonymous_20)
FN:415,(anonymous_21)
FN:430,(anonymous_22)
FN:438,(anonymous_23)
FN:451,(anonymous_24)
FNF:23
FNH:0
FNDA:0,(anonymous_2)
FNDA:0,(anonymous_3)
FNDA:0,(anonymous_4)
FNDA:0,(anonymous_5)
FNDA:0,(anonymous_6)
FNDA:0,(anonymous_7)
FNDA:0,(anonymous_8)
FNDA:0,(anonymous_9)
FNDA:0,(anonymous_10)
FNDA:0,(anonymous_11)
FNDA:0,(anonymous_12)
FNDA:0,(anonymous_13)
FNDA:0,(anonymous_14)
FNDA:0,(anonymous_15)
FNDA:0,(anonymous_16)
FNDA:0,(anonymous_17)
FNDA:0,(anonymous_18)
FNDA:0,(anonymous_19)
FNDA:0,(anonymous_20)
FNDA:0,(anonymous_21)
FNDA:0,(anonymous_22)
FNDA:0,(anonymous_23)
FNDA:0,(anonymous_24)
DA:1,0
DA:2,0
DA:5,0
DA:6,0
DA:7,0
DA:8,0
DA:9,0
DA:12,0
DA:14,0
DA:15,0
DA:27,0
DA:28,0
DA:29,0
DA:44,0
DA:45,0
DA:57,0
DA:58,0
DA:59,0
DA:74,0
DA:75,0
DA:85,0
DA:86,0
DA:87,0
DA:98,0
DA:99,0
DA:109,0
DA:110,0
DA:111,0
DA:122,0
DA:123,0
DA:127,0
DA:128,0
DA:129,0
DA:130,0
DA:132,0
DA:133,0
DA:136,0
DA:149,0
DA:150,0
DA:152,0
DA:156,0
DA:157,0
DA:162,0
DA:163,0
DA:164,0
DA:165,0
DA:179,0
DA:180,0
DA:191,0
DA:192,0
DA:194,0
DA:195,0
DA:196,0
DA:200,0
DA:202,0
DA:205,0
DA:212,0
DA:214,0
DA:217,0
DA:222,0
DA:223,0
DA:229,0
DA:231,0
DA:233,0
DA:235,0
DA:245,0
DA:246,0
DA:248,0
DA:251,0
DA:259,0
DA:264,0
DA:274,0
DA:275,0
DA:277,0
DA:281,0
DA:288,0
DA:289,0
DA:291,0
DA:292,0
DA:296,0
DA:298,0
DA:300,0
DA:304,0
DA:310,0
DA:311,0
DA:313,0
DA:320,0
DA:321,0
DA:323,0
DA:340,0
DA:341,0
DA:343,0
DA:360,0
DA:361,0
DA:363,0
DA:379,0
DA:380,0
DA:381,0
DA:382,0
DA:383,0
DA:385,0
DA:387,0
DA:398,0
DA:402,0
DA:403,0
DA:405,0
DA:416,0
DA:417,0
DA:420,0
DA:431,0
DA:432,0
DA:434,0
DA:435,0
DA:439,0
DA:440,0
DA:442,0
DA:449,0
DA:452,0
DA:453,0
DA:455,0
LF:120
LH:0
BRDA:39,0,0,0
BRDA:39,0,1,0
BRDA:39,1,0,0
BRDA:39,1,1,0
BRDA:44,2,0,0
BRDA:69,3,0,0
BRDA:69,3,1,0
BRDA:69,4,0,0
BRDA:69,4,1,0
BRDA:74,5,0,0
BRDA:98,6,0,0
BRDA:122,7,0,0
BRDA:162,8,0,0
BRDA:162,8,1,0
BRDA:168,9,0,0
BRDA:168,9,1,0
BRDA:191,10,0,0
BRDA:191,10,1,0
BRDA:207,11,0,0
BRDA:207,11,1,0
BRDA:207,12,0,0
BRDA:207,12,1,0
BRDA:207,13,0,0
BRDA:207,13,1,0
BRDA:217,14,0,0
BRDA:217,14,1,0
BRDA:217,15,0,0
BRDA:217,15,1,0
BRDA:217,16,0,0
BRDA:217,16,1,0
BRDA:245,17,0,0
BRDA:245,17,1,0
BRDA:274,18,0,0
BRDA:274,18,1,0
BRDA:296,19,0,0
BRDA:296,19,1,0
BRDA:297,20,0,0
BRDA:297,20,1,0
BRDA:297,20,2,0
BRDA:382,21,0,0
BRDA:382,21,1,0
BRDA:382,22,0,0
BRDA:382,22,1,0
BRDA:382,23,0,0
BRDA:382,23,1,0
BRF:45
BRH:0
end_of_record
TN:
SF:src\fichajes-validados\fichajes-validados.class.ts
FN:11,(anonymous_4)
FN:17,(anonymous_5)
FN:23,(anonymous_6)
FN:27,(anonymous_7)
FN:39,(anonymous_8)
FN:43,(anonymous_9)
FN:49,(anonymous_10)
FN:70,(anonymous_11)
FN:76,(anonymous_12)
FN:88,(anonymous_13)
FN:92,(anonymous_14)
FN:98,(anonymous_15)
FN:107,(anonymous_16)
FN:113,(anonymous_17)
FN:126,(anonymous_18)
FN:137,(anonymous_19)
FN:144,(anonymous_20)
FN:152,(anonymous_21)
FN:184,(anonymous_22)
FN:190,(anonymous_23)
FN:212,(anonymous_24)
FN:224,(anonymous_25)
FN:242,(anonymous_26)
FN:258,(anonymous_27)
FN:13,(anonymous_28)
FNF:25
FNH:0
FNDA:0,(anonymous_4)
FNDA:0,(anonymous_5)
FNDA:0,(anonymous_6)
FNDA:0,(anonymous_7)
FNDA:0,(anonymous_8)
FNDA:0,(anonymous_9)
FNDA:0,(anonymous_10)
FNDA:0,(anonymous_11)
FNDA:0,(anonymous_12)
FNDA:0,(anonymous_13)
FNDA:0,(anonymous_14)
FNDA:0,(anonymous_15)
FNDA:0,(anonymous_16)
FNDA:0,(anonymous_17)
FNDA:0,(anonymous_18)
FNDA:0,(anonymous_19)
FNDA:0,(anonymous_20)
FNDA:0,(anonymous_21)
FNDA:0,(anonymous_22)
FNDA:0,(anonymous_23)
FNDA:0,(anonymous_24)
FNDA:0,(anonymous_25)
FNDA:0,(anonymous_26)
FNDA:0,(anonymous_27)
FNDA:0,(anonymous_28)
DA:1,0
DA:2,0
DA:3,0
DA:5,0
DA:10,0
DA:12,0
DA:13,0
DA:14,0
DA:18,0
DA:24,0
DA:32,0
DA:40,0
DA:44,0
DA:56,0
DA:58,0
DA:59,0
DA:60,0
DA:61,0
DA:62,0
DA:63,0
DA:71,0
DA:81,0
DA:89,0
DA:93,0
DA:99,0
DA:100,0
DA:101,0
DA:108,0
DA:118,0
DA:131,0
DA:138,0
DA:145,0
DA:153,0
DA:154,0
DA:156,0
DA:157,0
DA:161,0
DA:166,0
DA:167,0
DA:177,0
DA:178,0
DA:181,0
DA:185,0
DA:186,0
DA:187,0
DA:204,0
DA:205,0
DA:206,0
DA:207,0
DA:217,0
DA:231,0
DA:238,0
DA:248,0
DA:254,0
DA:259,0
LF:55
LH:0
BRDA:205,0,0,0
BRF:1
BRH:0
end_of_record
TN:
SF:src\fichajes-validados\fichajes-validados.controller.ts
FN:19,(anonymous_4)
FN:27,(anonymous_5)
FN:67,(anonymous_6)
FN:89,(anonymous_7)
FN:149,(anonymous_8)
FN:186,(anonymous_9)
FN:209,(anonymous_10)
FN:238,(anonymous_11)
FN:267,(anonymous_12)
FN:290,(anonymous_13)
FN:314,(anonymous_14)
FN:340,(anonymous_15)
FN:357,(anonymous_16)
FNF:13
FNH:0
FNDA:0,(anonymous_4)
FNDA:0,(anonymous_5)
FNDA:0,(anonymous_6)
FNDA:0,(anonymous_7)
FNDA:0,(anonymous_8)
FNDA:0,(anonymous_9)
FNDA:0,(anonymous_10)
FNDA:0,(anonymous_11)
FNDA:0,(anonymous_12)
FNDA:0,(anonymous_13)
FNDA:0,(anonymous_14)
FNDA:0,(anonymous_15)
FNDA:0,(anonymous_16)
DA:1,0
DA:2,0
DA:3,0
DA:11,0
DA:12,0
DA:13,0
DA:14,0
DA:15,0
DA:18,0
DA:20,0
DA:21,0
DA:22,0
DA:27,0
DA:28,0
DA:30,0
DA:31,0
DA:35,0
DA:36,0
DA:39,0
DA:40,0
DA:44,0
DA:45,0
DA:50,0
DA:55,0
DA:58,0
DA:60,0
DA:61,0
DA:67,0
DA:70,0
DA:72,0
DA:75,0
DA:76,0
DA:82,0
DA:83,0
DA:89,0
DA:92,0
DA:93,0
DA:98,0
DA:101,0
DA:102,0
DA:105,0
DA:106,0
DA:110,0
DA:111,0
DA:118,0
DA:122,0
DA:130,0
DA:136,0
DA:140,0
DA:142,0
DA:143,0
DA:149,0
DA:161,0
DA:162,0
DA:164,0
DA:167,0
DA:172,0
DA:173,0
DA:179,0
DA:180,0
DA:186,0
DA:190,0
DA:191,0
DA:194,0
DA:195,0
DA:196,0
DA:202,0
DA:203,0
DA:209,0
DA:213,0
DA:215,0
DA:218,0
DA:219,0
DA:224,0
DA:231,0
DA:232,0
DA:238,0
DA:241,0
DA:243,0
DA:247,0
DA:248,0
DA:253,0
DA:260,0
DA:261,0
DA:267,0
DA:268,0
DA:270,0
DA:272,0
DA:273,0
DA:278,0
DA:284,0
DA:290,0
DA:291,0
DA:292,0
DA:296,0
DA:297,0
DA:302,0
DA:308,0
DA:314,0
DA:315,0
DA:316,0
DA:317,0
DA:322,0
DA:323,0
DA:328,0
DA:334,0
DA:340,0
DA:341,0
DA:342,0
DA:350,0
DA:357,0
DA:358,0
DA:382,0
DA:384,0
DA:385,0
LF:115
LH:0
BRDA:30,0,0,0
BRDA:35,1,0,0
BRDA:39,2,0,0
BRDA:44,3,0,0
BRDA:50,4,0,0
BRDA:75,5,0,0
BRDA:93,6,0,0
BRDA:101,7,0,0
BRDA:105,8,0,0
BRDA:105,9,0,0
BRDA:105,9,1,0
BRDA:106,10,0,0
BRDA:107,11,0,0
BRDA:107,11,1,0
BRDA:118,12,0,0
BRDA:162,13,0,0
BRDA:162,13,1,0
BRDA:172,14,0,0
BRDA:191,15,0,0
BRDA:191,15,1,0
BRDA:195,16,0,0
BRDA:218,17,0,0
BRDA:218,17,1,0
BRDA:247,18,0,0
BRDA:247,18,1,0
BRDA:272,19,0,0
BRDA:272,19,1,0
BRDA:296,20,0,0
BRDA:296,20,1,0
BRDA:322,21,0,0
BRDA:322,21,1,0
BRF:31
BRH:0
end_of_record
TN:
SF:src\fichajes-validados\fichajes-validados.dto.ts
FN:14,(anonymous_2)
FN:18,(anonymous_3)
FN:93,(anonymous_4)
FN:96,(anonymous_5)
FN:100,(anonymous_6)
FN:105,(anonymous_7)
FN:110,(anonymous_8)
FN:114,(anonymous_9)
FN:141,(anonymous_10)
FN:148,(anonymous_11)
FN:155,(anonymous_12)
FN:160,(anonymous_13)
FN:170,(anonymous_14)
FN:175,(anonymous_15)
FN:183,(anonymous_16)
FN:188,(anonymous_17)
FNF:16
FNH:0
FNDA:0,(anonymous_2)
FNDA:0,(anonymous_3)
FNDA:0,(anonymous_4)
FNDA:0,(anonymous_5)
FNDA:0,(anonymous_6)
FNDA:0,(anonymous_7)
FNDA:0,(anonymous_8)
FNDA:0,(anonymous_9)
FNDA:0,(anonymous_10)
FNDA:0,(anonymous_11)
FNDA:0,(anonymous_12)
FNDA:0,(anonymous_13)
FNDA:0,(anonymous_14)
FNDA:0,(anonymous_15)
FNDA:0,(anonymous_16)
FNDA:0,(anonymous_17)
DA:1,0
DA:11,0
DA:14,0
DA:18,0
DA:22,0
DA:25,0
DA:28,0
DA:31,0
DA:36,0
DA:39,0
DA:44,0
DA:48,0
DA:54,0
DA:57,0
DA:61,0
DA:65,0
DA:69,0
DA:70,0
DA:74,0
DA:77,0
DA:80,0
DA:83,0
DA:86,0
DA:89,0
DA:92,0
DA:93,0
DA:96,0
DA:100,0
DA:104,0
DA:105,0
DA:108,0
DA:110,0
DA:113,0
DA:114,0
DA:117,0
DA:120,0
DA:123,0
DA:126,0
DA:129,0
DA:132,0
DA:135,0
DA:139,0
DA:140,0
DA:141,0
DA:146,0
DA:147,0
DA:148,0
DA:153,0
DA:154,0
DA:155,0
DA:159,0
DA:160,0
DA:165,0
DA:166,0
DA:170,0
DA:175,0
DA:181,0
DA:182,0
DA:183,0
DA:187,0
DA:188,0
LF:61
LH:0
BRF:0
BRH:0
end_of_record
TN:
SF:src\fichajes-validados\fichajes-validados.module.ts
FN:9,(anonymous_1)
FNF:1
FNH:0
FNDA:0,(anonymous_1)
DA:1,0
DA:2,0
DA:3,0
DA:4,0
DA:5,0
DA:6,0
DA:9,0
DA:14,0
LF:8
LH:0
BRF:0
BRH:0
end_of_record
TN:
SF:src\fichajes-validados\fichajes-validados.mongodb.ts
FN:9,(anonymous_2)
FN:11,(anonymous_3)
FN:18,(anonymous_4)
FN:26,(anonymous_5)
FN:36,(anonymous_6)
FN:44,(anonymous_7)
FN:52,(anonymous_8)
FN:63,(anonymous_9)
FN:79,(anonymous_10)
FN:112,(anonymous_11)
FN:120,(anonymous_12)
FN:128,(anonymous_13)
FN:143,(anonymous_14)
FN:163,(anonymous_15)
FN:183,(anonymous_16)
FN:202,(anonymous_17)
FN:225,(anonymous_18)
FN:246,(anonymous_19)
FN:269,(anonymous_20)
FN:288,(anonymous_21)
FN:315,(anonymous_22)
FNF:21
FNH:0
FNDA:0,(anonymous_2)
FNDA:0,(anonymous_3)
FNDA:0,(anonymous_4)
FNDA:0,(anonymous_5)
FNDA:0,(anonymous_6)
FNDA:0,(anonymous_7)
FNDA:0,(anonymous_8)
FNDA:0,(anonymous_9)
FNDA:0,(anonymous_10)
FNDA:0,(anonymous_11)
FNDA:0,(anonymous_12)
FNDA:0,(anonymous_13)
FNDA:0,(anonymous_14)
FNDA:0,(anonymous_15)
FNDA:0,(anonymous_16)
FNDA:0,(anonymous_17)
FNDA:0,(anonymous_18)
FNDA:0,(anonymous_19)
FNDA:0,(anonymous_20)
FNDA:0,(anonymous_21)
FNDA:0,(anonymous_22)
DA:1,0
DA:2,0
DA:3,0
DA:4,0
DA:8,0
DA:9,0
DA:12,0
DA:13,0
DA:15,0
DA:19,0
DA:21,0
DA:23,0
DA:27,0
DA:28,0
DA:30,0
DA:31,0
DA:32,0
DA:33,0
DA:37,0
DA:39,0
DA:41,0
DA:45,0
DA:47,0
DA:49,0
DA:53,0
DA:55,0
DA:57,0
DA:64,0
DA:66,0
DA:67,0
DA:68,0
DA:69,0
DA:77,0
DA:84,0
DA:86,0
DA:89,0
DA:93,0
DA:98,0
DA:109,0
DA:113,0
DA:115,0
DA:117,0
DA:121,0
DA:123,0
DA:125,0
DA:129,0
DA:131,0
DA:133,0
DA:144,0
DA:146,0
DA:148,0
DA:149,0
DA:152,0
DA:160,0
DA:168,0
DA:170,0
DA:172,0
DA:184,0
DA:186,0
DA:188,0
DA:189,0
DA:191,0
DA:207,0
DA:209,0
DA:211,0
DA:212,0
DA:214,0
DA:230,0
DA:232,0
DA:234,0
DA:251,0
DA:253,0
DA:255,0
DA:266,0
DA:274,0
DA:276,0
DA:277,0
DA:295,0
DA:296,0
DA:298,0
DA:300,0
DA:302,0
DA:321,0
DA:322,0
DA:324,0
DA:326,0
DA:328,0
LF:87
LH:0
BRDA:32,0,0,0
BRF:1
BRH:0
end_of_record
TN:
SF:src\firebase\firebase.controller.ts
FN:6,(anonymous_2)
FNF:1
FNH:0
FNDA:0,(anonymous_2)
DA:1,0
DA:2,0
DA:5,0
DA:6,0
LF:4
LH:0
BRF:0
BRH:0
end_of_record
TN:
SF:src\firebase\firebase.module.ts
FNF:0
FNH:0
DA:1,0
DA:2,0
DA:3,0
DA:11,0
LF:4
LH:0
BRF:0
BRH:0
end_of_record
TN:
SF:src\firebase\firebase.service.ts
FN:17,(anonymous_2)
FN:33,(anonymous_3)
FN:37,(anonymous_4)
FN:46,(anonymous_5)
FN:55,(anonymous_6)
FN:62,(anonymous_7)
FN:70,(anonymous_8)
FN:79,(anonymous_9)
FN:104,(anonymous_10)
FNF:9
FNH:0
FNDA:0,(anonymous_2)
FNDA:0,(anonymous_3)
FNDA:0,(anonymous_4)
FNDA:0,(anonymous_5)
FNDA:0,(anonymous_6)
FNDA:0,(anonymous_7)
FNDA:0,(anonymous_8)
FNDA:0,(anonymous_9)
FNDA:0,(anonymous_10)
DA:1,0
DA:2,0
DA:3,0
DA:9,0
DA:12,0
DA:13,0
DA:14,0
DA:15,0
DA:18,0
DA:19,0
DA:20,0
DA:24,0
DA:29,0
DA:30,0
DA:34,0
DA:38,0
DA:39,0
DA:40,0
DA:42,0
DA:47,0
DA:48,0
DA:49,0
DA:51,0
DA:56,0
DA:57,0
DA:59,0
DA:63,0
DA:64,0
DA:66,0
DA:71,0
DA:72,0
DA:73,0
DA:75,0
DA:76,0
DA:79,0
DA:82,0
DA:86,0
DA:87,0
DA:89,0
DA:90,0
DA:91,0
DA:93,0
DA:97,0
DA:98,0
DA:100,0
DA:105,0
LF:46
LH:0
BRDA:18,0,0,0
BRDA:18,0,1,0
BRDA:75,1,0,0
BRDA:89,2,0,0
BRDA:89,2,1,0
BRF:5
BRH:0
end_of_record
TN:
SF:src\formacion\formacion.controller.ts
FN:16,(anonymous_4)
FN:20,(anonymous_5)
FN:26,(anonymous_6)
FN:32,(anonymous_7)
FN:38,(anonymous_8)
FN:44,(anonymous_9)
FN:51,(anonymous_10)
FN:57,(anonymous_11)
FNF:8
FNH:0
FNDA:0,(anonymous_4)
FNDA:0,(anonymous_5)
FNDA:0,(anonymous_6)
FNDA:0,(anonymous_7)
FNDA:0,(anonymous_8)
FNDA:0,(anonymous_9)
FNDA:0,(anonymous_10)
FNDA:0,(anonymous_11)
DA:1,0
DA:2,0
DA:3,0
DA:4,0
DA:15,0
DA:16,0
DA:20,0
DA:21,0
DA:26,0
DA:27,0
DA:32,0
DA:33,0
DA:38,0
DA:39,0
DA:44,0
DA:45,0
DA:46,0
DA:51,0
DA:52,0
DA:57,0
DA:58,0
LF:21
LH:0
BRF:0
BRH:0
end_of_record
TN:
SF:src\formacion\formacion.dto.ts
FN:56,(anonymous_2)
FN:66,(anonymous_3)
FN:70,(anonymous_4)
FN:75,(anonymous_5)
FN:114,(anonymous_6)
FN:158,(anonymous_7)
FNF:6
FNH:0
FNDA:0,(anonymous_2)
FNDA:0,(anonymous_3)
FNDA:0,(anonymous_4)
FNDA:0,(anonymous_5)
FNDA:0,(anonymous_6)
FNDA:0,(anonymous_7)
DA:1,0
DA:2,0
DA:14,0
DA:15,0
DA:19,0
DA:20,0
DA:24,0
DA:25,0
DA:30,0
DA:31,0
DA:35,0
DA:39,0
DA:43,0
DA:48,0
DA:49,0
DA:53,0
DA:56,0
DA:60,0
DA:61,0
DA:65,0
DA:66,0
DA:70,0
DA:71,0
DA:72,0
DA:75,0
DA:76,0
DA:77,0
DA:78,0
DA:79,0
DA:83,0
DA:86,0
DA:90,0
DA:94,0
DA:99,0
DA:100,0
DA:104,0
DA:108,0
DA:112,0
DA:114,0
DA:117,0
DA:123,0
DA:126,0
DA:130,0
DA:134,0
DA:139,0
DA:140,0
DA:144,0
DA:148,0
DA:152,0
DA:156,0
DA:158,0
DA:162,0
LF:52
LH:0
BRDA:70,0,0,0
BRDA:70,0,1,0
BRDA:75,1,0,0
BRDA:75,1,1,0
BRF:4
BRH:0
end_of_record
TN:
SF:src\formacion\formacion.module.ts
FNF:0
FNH:0
DA:1,0
DA:2,0
DA:3,0
DA:4,0
DA:11,0
LF:5
LH:0
BRF:0
BRH:0
end_of_record
TN:
SF:src\formacion\formacion.service.ts
FN:18,(anonymous_3)
FN:23,(anonymous_4)
FN:84,(anonymous_5)
FN:120,(anonymous_6)
FN:134,(anonymous_7)
FN:149,(anonymous_8)
FN:159,(anonymous_9)
FN:164,(anonymous_10)
[...]
FN:1219,(anonymous_40)
FN:1238,(anonymous_41)
FN:1270,(anonymous_42)
FN:1303,(anonymous_43)
FN:1339,(anonymous_44)
FN:1346,(anonymous_45)
FN:1394,(anonymous_46)
FN:1415,(anonymous_47)
FN:1434,(anonymous_48)
FN:1455,(anonymous_49)
FN:1459,(anonymous_50)
FN:1463,(anonymous_51)
FN:1474,(anonymous_52)
FN:1485,(anonymous_53)
FN:1490,(anonymous_54)
FN:1497,(anonymous_55)
FN:1504,(anonymous_56)
FN:1533,(anonymous_57)
FN:1536,(anonymous_58)
FN:1550,(anonymous_59)
FN:1554,(anonymous_60)
FN:1560,(anonymous_61)
FN:1571,(anonymous_62)
FN:1629,(anonymous_63)
FN:1661,(anonymous_64)
FN:1691,(anonymous_65)
FN:1712,(anonymous_66)
FN:1720,(anonymous_67)
FN:1724,(anonymous_68)
FN:1733,(anonymous_69)
FN:1744,(anonymous_70)
FN:1758,(anonymous_71)
FN:1767,(anonymous_72)
FNF:71
FNH:0
FNDA:0,(anonymous_2)
FNDA:0,(anonymous_3)
FNDA:0,(anonymous_4)
FNDA:0,(anonymous_5)
FNDA:0,(anonymous_6)
FNDA:0,(anonymous_7)
FNDA:0,(anonymous_8)
FNDA:0,(anonymous_9)
FNDA:0,(anonymous_10)
FNDA:0,(anonymous_11)
FNDA:0,(anonymous_12)
FNDA:0,(anonymous_13)
FNDA:0,(anonymous_14)
FNDA:0,(anonymous_15)
FNDA:0,(anonymous_16)
FNDA:0,(anonymous_17)
FNDA:0,(anonymous_18)
FNDA:0,(anonymous_19)
FNDA:0,(anonymous_20)
FNDA:0,(anonymous_21)
FNDA:0,(anonymous_22)
FNDA:0,(anonymous_23)
FNDA:0,(anonymous_24)
FNDA:0,(anonymous_25)
FNDA:0,(anonymous_26)
FNDA:0,(anonymous_27)
FNDA:0,(anonymous_28)
FNDA:0,(anonymous_29)
FNDA:0,(anonymous_30)
FNDA:0,(anonymous_31)
FNDA:0,(anonymous_32)
FNDA:0,(anonymous_33)
FNDA:0,(anonymous_34)
FNDA:0,(anonymous_35)
FNDA:0,(anonymous_36)
FNDA:0,(anonymous_37)
FNDA:0,(anonymous_38)
FNDA:0,(anonymous_39)
FNDA:0,(anonymous_40)
FNDA:0,(anonymous_41)
FNDA:0,(anonymous_42)
FNDA:0,(anonymous_43)
FNDA:0,(anonymous_44)
FNDA:0,(anonymous_45)
FNDA:0,(anonymous_46)
FNDA:0,(anonymous_47)
FNDA:0,(anonymous_48)
FNDA:0,(anonymous_49)
FNDA:0,(anonymous_50)
FNDA:0,(anonymous_51)
FNDA:0,(anonymous_52)
FNDA:0,(anonymous_53)
FNDA:0,(anonymous_54)
FNDA:0,(anonymous_55)
FNDA:0,(anonymous_56)
FNDA:0,(anonymous_57)
FNDA:0,(anonymous_58)
FNDA:0,(anonymous_59)
FNDA:0,(anonymous_60)
FNDA:0,(anonymous_61)
FNDA:0,(anonymous_62)
FNDA:0,(anonymous_63)
FNDA:0,(anonymous_64)
FNDA:0,(anonymous_65)
FNDA:0,(anonymous_66)
FNDA:0,(anonymous_67)
FNDA:0,(anonymous_68)
FNDA:0,(anonymous_69)
FNDA:0,(anonymous_70)
FNDA:0,(anonymous_71)
FNDA:0,(anonymous_72)
DA:1,0
DA:2,0
DA:3,0
DA:5,0
DA:6,0
DA:7,0
DA:12,0
DA:24,0
DA:26,0
DA:27,0
DA:28,0
DA:29,0
DA:33,0
DA:71,0
DA:81,0
DA:97,0
DA:101,0
DA:103,0
DA:104,0
DA:106,0
DA:107,0
DA:108,0
DA:109,0
DA:111,0
DA:116,0
DA:117,0
DA:118,0
DA:119,0
DA:122,0
DA:125,0
DA:126,0
DA:127,0
DA:128,0
DA:131,0
DA:132,0
DA:134,0
DA:137,0
DA:142,0
DA:144,0
DA:145,0
DA:157,0
DA:158,0
DA:163,0
DA:164,0
DA:169,0
DA:170,0
DA:172,0
DA:173,0
DA:174,0
DA:183,0
DA:189,0
DA:194,0
DA:198,0
DA:202,0
DA:203,0
DA:206,0
DA:208,0
DA:211,0
DA:212,0
DA:217,0
DA:218,0
DA:237,0
DA:238,0
DA:239,0
DA:252,0
DA:269,0
DA:270,0
DA:276,0
DA:279,0
DA:280,0
DA:288,0
DA:293,0
DA:319,0
DA:320,0
DA:323,0
DA:339,0
DA:340,0
DA:348,0
DA:352,0
DA:353,0
DA:362,0
DA:365,0
DA:368,0
DA:372,0
DA:378,0
DA:379,0
DA:391,0
DA:393,0
DA:394,0
DA:396,0
DA:397,0
DA:400,0
DA:408,0
DA:410,0
DA:411,0
DA:413,0
DA:418,0
DA:419,0
DA:420,0
DA:424,0
DA:428,0
DA:429,0
DA:436,0
DA:437,0
DA:439,0
DA:441,0
DA:454,0
DA:465,0
DA:466,0
DA:468,0
DA:469,0
DA:470,0
DA:474,0
DA:478,0
DA:481,0
DA:483,0
DA:484,0
DA:501,0
DA:503,0
DA:547,0
DA:549,0
DA:556,0
DA:562,0
DA:564,0
DA:565,0
DA:568,0
DA:570,0
DA:571,0
DA:572,0
DA:579,0
DA:584,0
DA:594,0
DA:596,0
DA:597,0
DA:614,0
DA:615,0
DA:618,0
DA:619,0
DA:620,0
DA:624,0
DA:627,0
DA:629,0
DA:655,0
DA:665,0
DA:666,0
DA:669,0
DA:671,0
DA:680,0
DA:682,0
DA:688,0
DA:704,0
DA:723,0
DA:755,0
DA:763,0
DA:768,0
DA:769,0
DA:773,0
DA:783,0
DA:787,0
DA:789,0
DA:801,0
DA:805,0
DA:819,0
DA:847,0
DA:853,0
DA:866,0
DA:873,0
DA:874,0
DA:875,0
DA:877,0
DA:878,0
DA:879,0
DA:885,0
DA:886,0
DA:887,0
DA:888,0
DA:889,0
DA:890,0
DA:892,0
DA:893,0
DA:895,0
DA:898,0
DA:899,0
DA:903,0
DA:956,0
DA:957,0
DA:958,0
DA:959,0
DA:962,0
DA:963,0
DA:966,0
DA:967,0
DA:969,0
DA:970,0
DA:971,0
DA:972,0
DA:973,0
DA:975,0
DA:979,0
DA:985,0
DA:987,0
DA:988,0
DA:993,0
DA:994,0
DA:998,0
DA:1002,0
DA:1003,0
DA:1006,0
DA:1011,0
DA:1016,0
DA:1036,0
DA:1040,0
DA:1046,0
DA:1047,0
DA:1051,0
DA:1070,0
DA:1074,0
DA:1091,0
DA:1096,0
DA:1126,0
DA:1130,0
DA:1153,0
DA:1154,0
DA:1157,0
DA:1161,0
DA:1183,0
DA:1188,0
DA:1197,0
DA:1200,0
DA:1218,0
DA:1220,0
DA:1226,0
DA:1235,0
DA:1241,0
DA:1261,0
DA:1266,0
DA:1268,0
DA:1273,0
DA:1293,0
DA:1298,0
DA:1300,0
DA:1304,0
DA:1321,0
DA:1323,0
DA:1339,0
DA:1340,0
DA:1343,0
DA:1347,0
DA:1348,0
DA:1351,0
DA:1391,0
DA:1396,0
DA:1414,0
DA:1416,0
DA:1422,0
DA:1431,0
DA:1435,0
DA:1452,0
DA:1456,0
DA:1460,0
DA:1464,0
DA:1475,0
DA:1486,0
DA:1487,0
DA:1490,0
DA:1491,0
DA:1492,0
DA:1493,0
DA:1497,0
DA:1498,0
DA:1499,0
DA:1500,0
DA:1503,0
DA:1505,0
DA:1530,0
DA:1533,0
DA:1537,0
DA:1544,0
DA:1551,0
DA:1554,0
DA:1561,0
DA:1568,0
DA:1575,0
DA:1576,0
DA:1577,0
DA:1582,0
DA:1584,0
DA:1596,0
DA:1597,0
DA:1610,0
DA:1612,0
DA:1614,0
DA:1633,0
DA:1635,0
DA:1662,0
DA:1669,0
DA:1670,0
DA:1672,0
DA:1673,0
DA:1676,0
DA:1677,0
DA:1678,0
DA:1682,0
DA:1688,0
DA:1692,0
DA:1701,0
DA:1703,0
DA:1709,0
DA:1713,0
DA:1721,0
DA:1725,0
DA:1730,0
DA:1734,0
DA:1745,0
DA:1754,0
DA:1755,0
DA:1760,0
DA:1768,0
DA:1769,0
DA:1781,0
LF:320
LH:0
BRDA:55,0,0,0
BRDA:55,0,1,0
BRDA:63,1,0,0
BRDA:63,1,1,0
BRDA:107,2,0,0
BRDA:107,2,1,0
BRDA:142,3,0,0
BRDA:142,3,1,0
BRDA:158,4,0,0
BRDA:159,5,0,0
BRDA:159,5,1,0
BRDA:159,5,2,0
BRDA:169,6,0,0
BRDA:169,6,1,0
BRDA:169,7,0,0
BRDA:169,7,1,0
BRDA:170,8,0,0
BRDA:170,8,1,0
BRDA:170,9,0,0
BRDA:170,9,1,0
BRDA:173,10,0,0
BRDA:173,10,1,0
BRDA:173,11,0,0
BRDA:173,11,1,0
BRDA:189,12,0,0
BRDA:189,12,1,0
BRDA:194,13,0,0
BRDA:194,13,1,0
BRDA:198,14,0,0
BRDA:199,15,0,0
BRDA:199,15,1,0
BRDA:200,16,0,0
BRDA:200,16,1,0
BRDA:206,17,0,0
BRDA:206,18,0,0
BRDA:206,18,1,0
BRDA:211,19,0,0
BRDA:211,19,1,0
BRDA:211,20,0,0
BRDA:211,20,1,0
BRDA:217,21,0,0
BRDA:237,22,0,0
BRDA:237,23,0,0
BRDA:237,23,1,0
BRDA:238,24,0,0
BRDA:238,24,1,0
BRDA:306,25,0,0
BRDA:306,25,1,0
BRDA:310,26,0,0
BRDA:310,26,1,0
BRDA:319,27,0,0
BRDA:319,28,0,0
BRDA:319,28,1,0
BRDA:418,29,0,0
BRDA:428,30,0,0
BRDA:428,31,0,0
BRDA:428,31,1,0
BRDA:436,32,0,0
BRDA:437,33,0,0
BRDA:437,33,1,0
BRDA:437,34,0,0
BRDA:437,34,1,0
BRDA:439,35,0,0
BRDA:439,35,1,0
BRDA:570,36,0,0
BRDA:571,37,0,0
BRDA:584,38,0,0
BRDA:584,38,1,0
BRDA:642,39,0,0
BRDA:642,39,1,0
BRDA:642,40,0,0
BRDA:642,40,1,0
BRDA:643,41,0,0
BRDA:643,41,1,0
BRDA:643,42,0,0
BRDA:643,42,1,0
BRDA:665,43,0,0
BRDA:665,44,0,0
BRDA:665,44,1,0
BRDA:733,45,0,0
BRDA:733,45,1,0
BRDA:744,46,0,0
BRDA:744,46,1,0
BRDA:745,47,0,0
BRDA:745,47,1,0
BRDA:746,48,0,0
BRDA:746,48,1,0
BRDA:747,49,0,0
BRDA:747,49,1,0
BRDA:748,50,0,0
BRDA:748,50,1,0
BRDA:768,51,0,0
BRDA:768,51,1,0
BRDA:776,52,0,0
BRDA:776,52,1,0
BRDA:787,53,0,0
BRDA:787,53,1,0
BRDA:839,54,0,0
BRDA:839,54,1,0
BRDA:843,55,0,0
BRDA:843,55,1,0
BRDA:877,56,0,0
BRDA:887,57,0,0
BRDA:887,58,0,0
BRDA:887,58,1,0
BRDA:890,59,0,0
BRDA:898,60,0,0
BRDA:926,61,0,0
BRDA:926,61,1,0
BRDA:929,62,0,0
BRDA:929,62,1,0
BRDA:933,63,0,0
BRDA:933,63,1,0
BRDA:933,64,0,0
BRDA:933,64,1,0
BRDA:936,65,0,0
BRDA:936,65,1,0
BRDA:940,66,0,0
BRDA:940,66,1,0
BRDA:940,67,0,0
BRDA:940,67,1,0
BRDA:945,68,0,0
BRDA:945,68,1,0
BRDA:945,69,0,0
BRDA:945,69,1,0
BRDA:1046,70,0,0
BRDA:1153,71,0,0
BRDA:1153,72,0,0
BRDA:1153,72,1,0
BRDA:1197,73,0,0
BRDA:1229,74,0,0
BRDA:1229,74,1,0
BRDA:1229,75,0,0
BRDA:1229,75,1,0
BRDA:1230,76,0,0
BRDA:1230,76,1,0
BRDA:1230,77,0,0
BRDA:1230,77,1,0
BRDA:1261,78,0,0
BRDA:1262,79,0,0
BRDA:1262,79,1,0
BRDA:1262,79,2,0
BRDA:1293,80,0,0
BRDA:1294,81,0,0
BRDA:1294,81,1,0
BRDA:1294,81,2,0
BRDA:1321,82,0,0
BRDA:1339,83,0,0
BRDA:1347,84,0,0
BRDA:1425,85,0,0
BRDA:1425,85,1,0
BRDA:1425,86,0,0
BRDA:1425,86,1,0
BRDA:1426,87,0,0
BRDA:1426,87,1,0
BRDA:1426,88,0,0
BRDA:1426,88,1,0
BRDA:1465,89,0,0
BRDA:1465,89,1,0
BRDA:1465,89,2,0
BRDA:1465,89,3,0
BRDA:1465,89,4,0
BRDA:1465,89,5,0
BRDA:1491,90,0,0
BRDA:1491,90,1,0
BRDA:1492,91,0,0
BRDA:1499,92,0,0
BRDA:1575,93,0,0
BRDA:1576,94,0,0
BRDA:1582,95,0,0
BRDA:1582,96,0,0
BRDA:1582,96,1,0
BRDA:1596,97,0,0
BRDA:1596,98,0,0
BRDA:1596,98,1,0
BRDA:1610,99,0,0
BRDA:1612,100,0,0
BRDA:1612,101,0,0
BRDA:1612,101,1,0
BRDA:1654,102,0,0
BRDA:1654,102,1,0
BRDA:1669,103,0,0
BRDA:1672,104,0,0
BRDA:1676,105,0,0
BRDA:1676,106,0,0
BRDA:1676,106,1,0
BRDA:1701,107,0,0
BRDA:1754,108,0,0
BRF:188
BRH:0
end_of_record
TN:
SF:src\trabajadores\trabajadores.dto.ts
FN:109,(anonymous_2)
FN:198,(anonymous_3)
FN:226,(anonymous_4)
FNF:3
FNH:0
FNDA:0,(anonymous_2)
FNDA:0,(anonymous_3)
FNDA:0,(anonymous_4)
DA:1,0
DA:2,0
DA:13,0
DA:14,0
DA:16,0
DA:17,0
DA:20,0
DA:23,0
DA:26,0
DA:29,0
DA:32,0
DA:35,0
DA:38,0
DA:41,0
DA:44,0
DA:47,0
DA:50,0
DA:53,0
DA:56,0
DA:59,0
DA:62,0
DA:65,0
DA:68,0
DA:71,0
DA:74,0
DA:77,0
DA:80,0
DA:83,0
DA:87,0
DA:88,0
DA:92,0
DA:96,0
DA:100,0
DA:104,0
DA:108,0
DA:111,0
DA:112,0
DA:116,0
DA:117,0
DA:120,0
DA:125,0
DA:129,0
DA:133,0
DA:137,0
DA:141,0
DA:145,0
DA:149,0
DA:153,0
DA:157,0
DA:160,0
DA:164,0
DA:168,0
DA:172,0
DA:176,0
DA:180,0
DA:186,0
DA:187,0
DA:190,0
DA:194,0
DA:195,0
DA:198,0
DA:201,0
DA:205,0
DA:209,0
DA:213,0
DA:217,0
DA:221,0
DA:225,0
DA:226,0
DA:230,0
DA:234,0
DA:238,0
DA:242,0
DA:246,0
DA:250,0
DA:254,0
DA:258,0
DA:262,0
DA:266,0
DA:270,0
DA:274,0
DA:278,0
DA:284,0
DA:285,0
DA:290,0
DA:291,0
DA:296,0
DA:297,0
DA:301,0
DA:306,0
DA:307,0
LF:91
LH:0
BRDA:111,0,0,0
BRDA:111,1,0,0
BRDA:111,1,1,0
BRDA:116,2,0,0
BRF:4
BRH:0
end_of_record
TN:
SF:src\trabajadores\trabajadores.module.ts
FN:20,(anonymous_1)
FN:21,(anonymous_2)
FNF:2
FNH:0
FNDA:0,(anonymous_1)
FNDA:0,(anonymous_2)
DA:1,0
DA:2,0
DA:3,0
DA:4,0
DA:5,0
DA:6,0
DA:7,0
DA:8,0
DA:9,0
DA:10,0
DA:11,0
DA:20,0
DA:21,0
DA:27,0
LF:14
LH:0
BRF:0
BRH:0
end_of_record
TN:
SF:src\twilio\twilio.controller.ts
FN:8,(anonymous_4)
FN:12,(anonymous_5)
FN:18,(anonymous_6)
FN:24,(anonymous_7)
FNF:4
FNH:0
FNDA:0,(anonymous_4)
FNDA:0,(anonymous_5)
FNDA:0,(anonymous_6)
FNDA:0,(anonymous_7)
DA:1,0
DA:2,0
DA:3,0
DA:4,0
DA:7,0
DA:8,0
DA:12,0
DA:13,0
DA:18,0
DA:19,0
DA:24,0
DA:25,0
LF:12
LH:0
BRF:0
BRH:0
end_of_record
TN:
SF:src\twilio\twilio.dto.ts
FNF:0
FNH:0
DA:1,0
DA:3,0
DA:4,0
DA:9,0
DA:10,0
DA:14,0
LF:6
LH:0
BRF:0
BRH:0
end_of_record
TN:
SF:src\twilio\twilio.module.ts
FNF:0
FNH:0
DA:1,0
DA:2,0
DA:3,0
DA:9,0
LF:4
LH:0
BRF:0
BRH:0
end_of_record
TN:
SF:src\twilio\twilio.service.ts
FN:8,(anonymous_2)
FN:10,(anonymous_3)
FN:47,(anonymous_4)
FN:51,(anonymous_5)
FN:65,(anonymous_6)
FN:71,(anonymous_7)
FNF:6
FNH:0
FNDA:0,(anonymous_2)
FNDA:0,(anonymous_3)
FNDA:0,(anonymous_4)
FNDA:0,(anonymous_5)
FNDA:0,(anonymous_6)
FNDA:0,(anonymous_7)
DA:1,0
DA:2,0
DA:3,0
DA:4,0
DA:7,0
DA:8,0
DA:11,0
DA:12,0
DA:14,0
DA:20,0
DA:33,0
DA:34,0
DA:35,0
DA:36,0
DA:38,0
DA:42,0
DA:48,0
DA:52,0
DA:53,0
DA:60,0
DA:61,0
DA:66,0
DA:67,0
DA:68,0
DA:72,0
DA:74,0
DA:81,0
DA:82,0
DA:87,0
DA:90,0
LF:30
LH:0
BRDA:40,0,0,0
BRDA:40,0,1,0
BRDA:72,1,0,0
BRDA:81,2,0,0
BRF:4
BRH:0
end_of_record
TN:
SF:src\validation\customValidators.ts
FN:10,(anonymous_1)
FN:14,(anonymous_2)
FN:19,IsStringOrDate
FN:20,(anonymous_4)
FNF:4
FNH:0
FNDA:0,(anonymous_1)
FNDA:0,(anonymous_2)
FNDA:0,IsStringOrDate
FNDA:0,(anonymous_4)
DA:1,0
DA:9,0
DA:11,0
DA:15,0
DA:19,0
DA:20,0
DA:21,0
LF:7
LH:0
BRDA:11,0,0,0
BRDA:11,0,1,0
BRF:2
BRH:0
end_of_record
TN:
SF:src\validation\validation.pipe.ts
FN:12,(anonymous_1)
FN:25,(anonymous_2)
FNF:2
FNH:0
FNDA:0,(anonymous_1)
FNDA:0,(anonymous_2)
DA:1,0
DA:7,0
DA:8,0
DA:11,0
DA:13,0
DA:14,0
DA:15,0
DA:17,0
DA:18,0
DA:19,0
DA:20,0
DA:22,0
DA:26,0
DA:27,0
LF:14
LH:0
BRDA:14,0,0,0
BRDA:14,1,0,0
BRDA:14,1,1,0
BRDA:19,2,0,0
BRF:4
BRH:0
end_of_record
TN:
SF:src\verificacion-mfa\verificacion-mfa.module.ts
FNF:0
FNH:0
DA:1,0
DA:2,0
DA:3,0
DA:4,0
DA:5,0
DA:13,0
LF:6
LH:0
BRF:0
BRH:0
end_of_record
TN:
SF:src\verificacion-mfa\verificacionmfa.class.ts
FN:7,(anonymous_2)
FN:9,(anonymous_3)
FN:13,(anonymous_4)
FN:17,(anonymous_5)
FNF:4
FNH:0
FNDA:0,(anonymous_2)
FNDA:0,(anonymous_3)
FNDA:0,(anonymous_4)
FNDA:0,(anonymous_5)
DA:1,0
DA:3,0
DA:6,0
DA:7,0
DA:10,0
DA:14,0
DA:18,0
LF:7
LH:0
BRF:0
BRH:0
end_of_record
TN:
SF:src\verificacion-mfa\verificacionmfa.controller.ts
FN:18,(anonymous_4)
FN:26,(anonymous_5)
FN:51,(anonymous_6)
FN:72,(anonymous_7)
FNF:4
FNH:0
FNDA:0,(anonymous_4)
FNDA:0,(anonymous_5)
FNDA:0,(anonymous_6)
FNDA:0,(anonymous_7)
DA:1,0
DA:11,0
DA:12,0
DA:13,0
DA:14,0
DA:17,0
DA:19,0
DA:20,0
DA:21,0
DA:26,0
DA:30,0
DA:31,0
DA:32,0
DA:37,0
DA:44,0
DA:45,0
DA:51,0
DA:54,0
DA:55,0
DA:57,0
DA:61,0
DA:66,0
DA:67,0
DA:72,0
DA:73,0
DA:74,0
DA:75,0
DA:76,0
DA:80,0
DA:82,0
DA:83,0
LF:31
LH:0
BRDA:55,0,0,0
BRDA:55,0,1,0
BRDA:75,1,0,0
BRF:3
BRH:0
end_of_record
TN:
SF:src\verificacion-mfa\verificacionmfa.mongodb.ts
FN:7,(anonymous_2)
FN:9,(anonymous_3)
FN:21,(anonymous_4)
FN:33,(anonymous_5)
FNF:4
FNH:0
FNDA:0,(anonymous_2)
FNDA:0,(anonymous_3)
FNDA:0,(anonymous_4)
FNDA:0,(anonymous_5)
DA:1,0
DA:2,0
DA:4,0
DA:6,0
DA:7,0
DA:10,0
DA:12,0
DA:14,0
DA:16,0
DA:18,0
DA:22,0
DA:24,0
DA:26,0
DA:30,0
DA:34,0
DA:36,0
DA:37,0
DA:40,0
LF:18
LH:0
BRDA:16,0,0,0
BRDA:40,1,0,0
BRDA:40,1,1,0
BRF:3
BRH:0
end_of_record
TN:
SF:src\videos\videos.controller.ts
FN:30,(anonymous_4)
FN:39,(anonymous_5)
FN:64,(anonymous_6)
FN:70,(anonymous_7)
FN:76,(anonymous_8)
FN:82,(anonymous_9)
FN:88,(anonymous_10)
FNF:7
FNH:0
FNDA:0,(anonymous_4)
FNDA:0,(anonymous_5)
FNDA:0,(anonymous_6)
FNDA:0,(anonymous_7)
FNDA:0,(anonymous_8)
FNDA:0,(anonymous_9)
FNDA:0,(anonymous_10)
DA:1,0
DA:15,0
DA:21,0
DA:22,0
DA:23,0
DA:24,0
DA:25,0
DA:29,0
DA:31,0
DA:32,0
DA:33,0
DA:39,0
DA:43,0
DA:45,0
DA:46,0
DA:47,0
DA:48,0
DA:54,0
DA:64,0
DA:65,0
DA:70,0
DA:71,0
DA:76,0
DA:77,0
DA:82,0
DA:83,0
DA:88,0
DA:93,0
DA:94,0
DA:95,0
DA:98,0
DA:99,0
DA:100,0
DA:101,0
DA:102,0
DA:103,0
DA:106,0
DA:107,0
DA:108,0
DA:109,0
DA:110,0
DA:111,0
DA:114,0
DA:115,0
DA:116,0
DA:117,0
DA:118,0
DA:121,0
DA:123,0
DA:124,0
DA:126,0
LF:51
LH:0
BRDA:43,0,0,0
BRDA:98,1,0,0
BRDA:98,1,1,0
BRDA:101,2,0,0
BRDA:101,2,1,0
BRDA:123,3,0,0
BRDA:123,3,1,0
BRF:7
BRH:0
end_of_record
TN:
SF:src\videos\videos.dto.ts
FN:8,(anonymous_2)
FN:23,(anonymous_3)
FNF:2
FNH:0
FNDA:0,(anonymous_2)
FNDA:0,(anonymous_3)
DA:1,0
DA:2,0
DA:4,0
DA:5,0
DA:8,0
DA:12,0
DA:16,0
DA:17,0
DA:20,0
DA:23,0
DA:27,0
DA:31,0
DA:32,0
DA:37,0
DA:38,0
LF:15
LH:0
BRF:0
BRH:0
end_of_record
TN:
SF:src\videos\videos.module.ts
FNF:0
FNH:0
DA:1,0
DA:2,0
DA:3,0
DA:4,0
DA:5,0
DA:12,0
LF:6
LH:0
BRF:0
BRH:0
end_of_record
TN:
SF:src\videos\videos.service.ts
FN:12,(anonymous_2)
FN:17,(anonymous_3)
FN:52,(anonymous_4)
FN:56,(anonymous_5)
FN:72,(anonymous_6)
FN:96,(anonymous_7)
FN:111,(anonymous_8)
FNF:7
FNH:0
FNDA:0,(anonymous_2)
FNDA:0,(anonymous_3)
FNDA:0,(anonymous_4)
FNDA:0,(anonymous_5)
FNDA:0,(anonymous_6)
FNDA:0,(anonymous_7)
FNDA:0,(anonymous_8)
DA:1,0
DA:6,0
DA:8,0
DA:11,0
DA:13,0
DA:14,0
DA:23,0
DA:24,0
DA:35,0
DA:36,0
DA:38,0
DA:40,0
DA:41,0
DA:42,0
DA:45,0
DA:47,0
DA:48,0
DA:53,0
DA:57,0
DA:61,0
DA:63,0
DA:67,0
DA:69,0
DA:73,0
DA:74,0
DA:78,0
DA:80,0
DA:89,0
DA:91,0
DA:92,0
DA:97,0
DA:98,0
DA:102,0
DA:104,0
DA:106,0
DA:107,0
DA:112,0
DA:113,0
DA:117,0
DA:118,0
DA:120,0
DA:121,0
LF:42
LH:0
BRDA:35,0,0,0
BRDA:40,1,0,0
BRDA:41,2,0,0
BRDA:61,3,0,0
BRDA:78,4,0,0
BRDA:102,5,0,0
BRDA:117,6,0,0
BRF:7
BRH:0
end_of_record
TN:
SF:src\videos-formacion\videos-formacion.class.ts
FN:10,(anonymous_2)
FN:12,(anonymous_3)
FN:20,(anonymous_4)
FN:28,(anonymous_5)
FN:33,(anonymous_6)
FN:38,(anonymous_7)
FN:42,(anonymous_8)
FN:46,(anonymous_9)
FN:50,(anonymous_10)
FN:54,(anonymous_11)
FN:58,(anonymous_12)
FNF:11
FNH:0
FNDA:0,(anonymous_2)
FNDA:0,(anonymous_3)
FNDA:0,(anonymous_4)
FNDA:0,(anonymous_5)
FNDA:0,(anonymous_6)
FNDA:0,(anonymous_7)
FNDA:0,(anonymous_8)
FNDA:0,(anonymous_9)
FNDA:0,(anonymous_10)
FNDA:0,(anonymous_11)
FNDA:0,(anonymous_12)
DA:1,0
DA:2,0
DA:9,0
DA:10,0
DA:13,0
DA:15,0
DA:16,0
DA:21,0
DA:23,0
DA:24,0
DA:29,0
DA:30,0
DA:34,0
DA:35,0
DA:39,0
DA:43,0
DA:47,0
DA:51,0
DA:55,0
DA:59,0
LF:20
LH:0
BRDA:15,0,0,0
BRDA:23,1,0,0
BRF:2
BRH:0
end_of_record
TN:
SF:src\videos-formacion\videos-formacion.controller.ts
FN:13,(anonymous_4)
FN:21,(anonymous_5)
FN:31,(anonymous_6)
FN:37,(anonymous_7)
FN:38,(anonymous_8)
FN:45,(anonymous_9)
FN:59,(anonymous_10)
FN:62,(anonymous_11)
FN:92,(anonymous_12)
FN:118,(anonymous_13)
FN:135,(anonymous_14)
FN:153,(anonymous_15)
FN:170,(anonymous_16)
FN:185,(anonymous_17)
FN:199,(anonymous_18)
FN:211,(anonymous_19)
FN:229,(anonymous_20)
FNF:17
FNH:0
FNDA:0,(anonymous_4)
FNDA:0,(anonymous_5)
FNDA:0,(anonymous_6)
FNDA:0,(anonymous_7)
FNDA:0,(anonymous_8)
FNDA:0,(anonymous_9)
FNDA:0,(anonymous_10)
FNDA:0,(anonymous_11)
FNDA:0,(anonymous_12)
FNDA:0,(anonymous_13)
FNDA:0,(anonymous_14)
FNDA:0,(anonymous_15)
FNDA:0,(anonymous_16)
FNDA:0,(anonymous_17)
FNDA:0,(anonymous_18)
FNDA:0,(anonymous_19)
FNDA:0,(anonymous_20)
DA:1,0
DA:2,0
DA:3,0
DA:8,0
DA:9,0
DA:12,0
DA:14,0
DA:15,0
DA:16,0
DA:21,0
DA:22,0
DA:23,0
DA:25,0
DA:27,0
DA:29,0
DA:31,0
DA:32,0
DA:33,0
DA:36,0
DA:38,0
DA:39,0
DA:44,0
DA:46,0
DA:47,0
DA:50,0
DA:51,0
DA:54,0
DA:59,0
DA:60,0
DA:61,0
DA:63,0
DA:73,0
DA:80,0
DA:82,0
DA:85,0
DA:86,0
DA:92,0
DA:95,0
DA:97,0
DA:101,0
DA:102,0
DA:106,0
DA:107,0
DA:112,0
DA:118,0
DA:119,0
DA:120,0
DA:122,0
DA:123,0
DA:127,0
DA:129,0
DA:135,0
DA:136,0
DA:137,0
DA:139,0
DA:140,0
DA:145,0
DA:147,0
DA:153,0
DA:156,0
DA:157,0
DA:158,0
DA:161,0
DA:163,0
DA:164,0
DA:170,0
DA:171,0
DA:172,0
DA:173,0
DA:176,0
DA:178,0
DA:179,0
DA:185,0
DA:186,0
DA:187,0
DA:191,0
DA:193,0
DA:199,0
DA:200,0
DA:201,0
DA:203,0
DA:205,0
DA:211,0
DA:215,0
DA:216,0
DA:220,0
DA:222,0
DA:223,0
DA:229,0
DA:233,0
DA:234,0
DA:238,0
DA:243,0
DA:244,0
LF:94
LH:0
BRDA:27,0,0,0
BRDA:27,0,1,0
BRDA:38,1,0,0
BRDA:38,1,1,0
BRDA:46,2,0,0
BRDA:50,3,0,0
BRDA:50,4,0,0
BRDA:50,4,1,0
BRDA:60,5,0,0
BRDA:101,6,0,0
BRDA:122,7,0,0
BRDA:122,7,1,0
BRDA:139,8,0,0
BRDA:139,8,1,0
BRDA:157,9,0,0
BRDA:172,10,0,0
BRF:16
BRH:0
end_of_record
TN:
SF:src\videos-formacion\videos-formacion.module.ts
FN:9,(anonymous_1)
FNF:1
FNH:0
FNDA:0,(anonymous_1)
DA:1,0
DA:2,0
DA:3,0
DA:4,0
DA:5,0
DA:6,0
DA:9,0
DA:13,0
LF:8
LH:0
BRF:0
BRH:0
end_of_record
TN:
SF:src\videos-formacion\videos-formacion.mongodb.ts
FN:11,(anonymous_2)
FN:13,(anonymous_3)
FN:25,(anonymous_4)
FN:38,(anonymous_5)
FN:47,(anonymous_6)
FN:57,(anonymous_7)
FN:66,(anonymous_8)
FN:87,(anonymous_9)
FN:99,(anonymous_10)
FN:114,(anonymous_11)
FN:126,(anonymous_12)
FNF:11
FNH:0
FNDA:0,(anonymous_2)
FNDA:0,(anonymous_3)
FNDA:0,(anonymous_4)
FNDA:0,(anonymous_5)
FNDA:0,(anonymous_6)
FNDA:0,(anonymous_7)
FNDA:0,(anonymous_8)
FNDA:0,(anonymous_9)
FNDA:0,(anonymous_10)
FNDA:0,(anonymous_11)
FNDA:0,(anonymous_12)
DA:1,0
DA:2,0
DA:7,0
DA:10,0
DA:11,0
DA:14,0
DA:16,0
DA:18,0
DA:20,0
DA:22,0
DA:26,0
DA:27,0
DA:31,0
DA:33,0
DA:35,0
DA:39,0
DA:41,0
DA:42,0
DA:44,0
DA:48,0
DA:49,0
DA:52,0
DA:54,0
DA:58,0
DA:59,0
DA:63,0
DA:67,0
DA:69,0
DA:71,0
DA:84,0
DA:88,0
DA:90,0
DA:92,0
DA:96,0
DA:100,0
DA:102,0
DA:104,0
DA:109,0
DA:110,0
DA:115,0
DA:117,0
DA:119,0
DA:123,0
DA:127,0
DA:129,0
DA:130,0
DA:134,0
LF:47
LH:0
BRDA:20,0,0,0
BRDA:33,1,0,0
BRDA:96,2,0,0
BRDA:96,2,1,0
BRDA:109,3,0,0
BRF:5
BRH:0
end_of_record
TN:
SF:src\vision\vision.controller.ts
FN:6,(anonymous_4)
FN:11,(anonymous_5)
FN:36,(anonymous_6)
FN:49,(anonymous_7)
FN:74,(anonymous_8)
FNF:5
FNH:0
FNDA:0,(anonymous_4)
FNDA:0,(anonymous_5)
FNDA:0,(anonymous_6)
FNDA:0,(anonymous_7)
FNDA:0,(anonymous_8)
DA:1,0
DA:2,0
DA:3,0
DA:6,0
DA:7,0
DA:11,0
DA:12,0
DA:13,0
DA:18,0
DA:19,0
DA:21,0
DA:22,0
DA:25,0
DA:27,0
DA:29,0
DA:31,0
DA:32,0
DA:37,0
DA:38,0
DA:45,0
DA:46,0
DA:47,0
DA:49,0
DA:54,0
DA:55,0
DA:56,0
DA:60,0
DA:61,0
DA:62,0
DA:66,0
DA:67,0
DA:68,0
DA:73,0
DA:74,0
DA:75,0
DA:76,0
DA:77,0
DA:78,0
DA:84,0
LF:39
LH:0
BRDA:21,0,0,0
BRDA:21,1,0,0
BRDA:21,1,1,0
BRDA:55,2,0,0
BRDA:61,3,0,0
BRDA:67,4,0,0
BRDA:73,5,0,0
BRDA:75,6,0,0
BRDA:77,7,0,0
BRF:9
BRH:0
end_of_record
TN:
SF:src\vision\vision.module.ts
FNF:0
FNH:0
DA:1,0
DA:2,0
DA:3,0
DA:9,0
LF:4
LH:0
BRF:0
BRH:0
end_of_record
TN:
SF:src\vision\vision.service.ts
FNF:0
FNH:0
DA:1,0
DA:4,0
LF:2
LH:0
BRF:0
BRH:0
end_of_record
